# JRE version: OpenJDK Runtime Environment (8.0_322-b06) (build 1.8.0_322-b06)
# Java VM: OpenJDK 64-Bit Server VM (25.322-b06 mixed mode windows-amd64 compressed oops)
Heap:
 PSYoungGen      total 235008K, used 60411K [0x0000000715d00000, 0x000000072bb00000, 0x00000007c0000000)
  eden space 213504K, 18% used [0x0000000715d00000,0x00000007182ff218,0x0000000722d80000)
  from space 21504K, 99% used [0x0000000722d80000,0x000000072427faa0,0x0000000724280000)
  to   space 21504K, 0% used [0x000000072a600000,0x000000072a600000,0x000000072bb00000)
 ParOldGen       total 272384K, used 19102K [0x00000005c1600000, 0x00000005d2000000, 0x0000000715d00000)
  object space 272384K, 7% used [0x00000005c1600000,0x00000005c28a7af0,0x00000005d2000000)
 Metaspace       used 52899K, capacity 55924K, committed 56064K, reserved 1097728K
  class space    used 7513K, capacity 8079K, committed 8192K, reserved 1048576K
GC Heap History (10 events):
Event: 2.648 GC heap before
{Heap before GC invocations=3 (full 1):
 PSYoungGen      total 153088K, used 9298K [0x0000000715d00000, 0x0000000728800000, 0x00000007c0000000)
  eden space 131584K, 0% used [0x0000000715d00000,0x0000000715d00000,0x000000071dd80000)
  from space 21504K, 43% used [0x000000071f280000,0x000000071fb949d0,0x0000000720780000)
  to   space 21504K, 0% used [0x000000071dd80000,0x000000071dd80000,0x000000071f280000)
 ParOldGen       total 349696K, used 24K [0x00000005c1600000, 0x00000005d6b80000, 0x0000000715d00000)
  object space 349696K, 0% used [0x00000005c1600000,0x00000005c1606000,0x00000005d6b80000)
 Metaspace       used 20553K, capacity 21230K, committed 21296K, reserved 1067008K
  class space    used 2750K, capacity 2920K, committed 2944K, reserved 1048576K
Event: 2.675 GC heap after
Heap after GC invocations=3 (full 1):
 PSYoungGen      total 153088K, used 0K [0x0000000715d00000, 0x0000000728800000, 0x00000007c0000000)
  eden space 131584K, 0% used [0x0000000715d00000,0x0000000715d00000,0x000000071dd80000)
  from space 21504K, 0% used [0x000000071f280000,0x000000071f280000,0x0000000720780000)
  to   space 21504K, 0% used [0x000000071dd80000,0x000000071dd80000,0x000000071f280000)
 ParOldGen       total 179712K, used 8806K [0x00000005c1600000, 0x00000005cc580000, 0x0000000715d00000)
  object space 179712K, 4% used [0x00000005c1600000,0x00000005c1e99b98,0x00000005cc580000)
 Metaspace       used 20551K, capacity 21224K, committed 21296K, reserved 1067008K
  class space    used 2749K, capacity 2919K, committed 2944K, reserved 1048576K
}
Event: 3.637 GC heap before
{Heap before GC invocations=4 (full 1):
 PSYoungGen      total 153088K, used 131584K [0x0000000715d00000, 0x0000000728800000, 0x00000007c0000000)
  eden space 131584K, 100% used [0x0000000715d00000,0x000000071dd80000,0x000000071dd80000)
  from space 21504K, 0% used [0x000000071f280000,0x000000071f280000,0x0000000720780000)
  to   space 21504K, 0% used [0x000000071dd80000,0x000000071dd80000,0x000000071f280000)
 ParOldGen       total 179712K, used 8806K [0x00000005c1600000, 0x00000005cc580000, 0x0000000715d00000)
  object space 179712K, 4% used [0x00000005c1600000,0x00000005c1e99b98,0x00000005cc580000)
 Metaspace       used 26535K, capacity 27882K, committed 28032K, reserved 1073152K
  class space    used 3649K, capacity 3903K, committed 3968K, reserved 1048576K
Event: 3.642 GC heap after
Heap after GC invocations=4 (full 1):
 PSYoungGen      total 153088K, used 10263K [0x0000000715d00000, 0x0000000725a00000, 0x00000007c0000000)
  eden space 131584K, 0% used [0x0000000715d00000,0x0000000715d00000,0x000000071dd80000)
  from space 21504K, 47% used [0x000000071dd80000,0x000000071e785e10,0x000000071f280000)
  to   space 21504K, 0% used [0x0000000724500000,0x0000000724500000,0x0000000725a00000)
 ParOldGen       total 179712K, used 8814K [0x00000005c1600000, 0x00000005cc580000, 0x0000000715d00000)
  object space 179712K, 4% used [0x00000005c1600000,0x00000005c1e9bb98,0x00000005cc580000)
 Metaspace       used 26535K, capacity 27882K, committed 28032K, reserved 1073152K
  class space    used 3649K, capacity 3903K, committed 3968K, reserved 1048576K
}
Event: 4.417 GC heap before
{Heap before GC invocations=5 (full 1):
 PSYoungGen      total 153088K, used 99864K [0x0000000715d00000, 0x0000000725a00000, 0x00000007c0000000)
  eden space 131584K, 68% used [0x0000000715d00000,0x000000071b480488,0x000000071dd80000)
  from space 21504K, 47% used [0x000000071dd80000,0x000000071e785e10,0x000000071f280000)
  to   space 21504K, 0% used [0x0000000724500000,0x0000000724500000,0x0000000725a00000)
 ParOldGen       total 179712K, used 8814K [0x00000005c1600000, 0x00000005cc580000, 0x0000000715d00000)
  object space 179712K, 4% used [0x00000005c1600000,0x00000005c1e9bb98,0x00000005cc580000)
 Metaspace       used 33540K, capacity 35402K, committed 35496K, reserved 1079296K
  class space    used 4678K, capacity 5035K, committed 5120K, reserved 1048576K
Event: 4.426 GC heap after
Heap after GC invocations=5 (full 1):
 PSYoungGen      total 232448K, used 13221K [0x0000000715d00000, 0x0000000725780000, 0x00000007c0000000)
  eden space 213504K, 0% used [0x0000000715d00000,0x0000000715d00000,0x0000000722d80000)
  from space 18944K, 69% used [0x0000000724500000,0x00000007251e95d8,0x0000000725780000)
  to   space 21504K, 0% used [0x0000000722d80000,0x0000000722d80000,0x0000000724280000)
 ParOldGen       total 179712K, used 8822K [0x00000005c1600000, 0x00000005cc580000, 0x0000000715d00000)
  object space 179712K, 4% used [0x00000005c1600000,0x00000005c1e9db98,0x00000005cc580000)
 Metaspace       used 33540K, capacity 35402K, committed 35496K, reserved 1079296K
  class space    used 4678K, capacity 5035K, committed 5120K, reserved 1048576K
}
Event: 4.426 GC heap before
{Heap before GC invocations=6 (full 2):
 PSYoungGen      total 232448K, used 13221K [0x0000000715d00000, 0x0000000725780000, 0x00000007c0000000)
  eden space 213504K, 0% used [0x0000000715d00000,0x0000000715d00000,0x0000000722d80000)
  from space 18944K, 69% used [0x0000000724500000,0x00000007251e95d8,0x0000000725780000)
  to   space 21504K, 0% used [0x0000000722d80000,0x0000000722d80000,0x0000000724280000)
 ParOldGen       total 179712K, used 8822K [0x00000005c1600000, 0x00000005cc580000, 0x0000000715d00000)
  object space 179712K, 4% used [0x00000005c1600000,0x00000005c1e9db98,0x00000005cc580000)
 Metaspace       used 33540K, capacity 35402K, committed 35496K, reserved 1079296K
  class space    used 4678K, capacity 5035K, committed 5120K, reserved 1048576K
Event: 4.464 GC heap after
Heap after GC invocations=6 (full 2):
 PSYoungGen      total 232448K, used 0K [0x0000000715d00000, 0x0000000725780000, 0x00000007c0000000)
  eden space 213504K, 0% used [0x0000000715d00000,0x0000000715d00000,0x0000000722d80000)
  from space 18944K, 0% used [0x0000000724500000,0x0000000724500000,0x0000000725780000)
  to   space 21504K, 0% used [0x0000000722d80000,0x0000000722d80000,0x0000000724280000)
 ParOldGen       total 272384K, used 17938K [0x00000005c1600000, 0x00000005d2000000, 0x0000000715d00000)
  object space 272384K, 6% used [0x00000005c1600000,0x00000005c2784998,0x00000005d2000000)
 Metaspace       used 33540K, capacity 35402K, committed 35496K, reserved 1079296K
  class space    used 4678K, capacity 5035K, committed 5120K, reserved 1048576K
}
Event: 6.219 GC heap before
{Heap before GC invocations=7 (full 2):
 PSYoungGen      total 232448K, used 213504K [0x0000000715d00000, 0x0000000725780000, 0x00000007c0000000)
  eden space 213504K, 100% used [0x0000000715d00000,0x0000000722d80000,0x0000000722d80000)
  from space 18944K, 0% used [0x0000000724500000,0x0000000724500000,0x0000000725780000)
  to   space 21504K, 0% used [0x0000000722d80000,0x0000000722d80000,0x0000000724280000)
 ParOldGen       total 272384K, used 17938K [0x00000005c1600000, 0x00000005d2000000, 0x0000000715d00000)
  object space 272384K, 6% used [0x00000005c1600000,0x00000005c2784998,0x00000005d2000000)
 Metaspace       used 52269K, capacity 55132K, committed 55424K, reserved 1097728K
  class space    used 7416K, capacity 7957K, committed 8064K, reserved 1048576K
Event: 6.232 GC heap after
Heap after GC invocations=7 (full 2):
 PSYoungGen      total 235008K, used 21502K [0x0000000715d00000, 0x000000072bb00000, 0x00000007c0000000)
  eden space 213504K, 0% used [0x0000000715d00000,0x0000000715d00000,0x0000000722d80000)
  from space 21504K, 99% used [0x0000000722d80000,0x000000072427faa0,0x0000000724280000)
  to   space 21504K, 0% used [0x000000072a600000,0x000000072a600000,0x000000072bb00000)
 ParOldGen       total 272384K, used 19102K [0x00000005c1600000, 0x00000005d2000000, 0x0000000715d00000)
  object space 272384K, 7% used [0x00000005c1600000,0x00000005c28a7af0,0x00000005d2000000)
 Metaspace       used 52269K, capacity 55132K, committed 55424K, reserved 1097728K
  class space    used 7416K, capacity 7957K, committed 8064K, reserved 1048576K
}

