# JRE version: OpenJDK Runtime Environment (8.0_322-b06) (build 1.8.0_322-b06)
# Java VM: OpenJDK 64-Bit Server VM (25.322-b06 mixed mode windows-amd64 compressed oops)
Heap:
 PSYoungGen      total 243200K, used 42213K [0x0000000715d00000, 0x000000072d600000, 0x00000007c0000000)
  eden space 221696K, 9% used [0x0000000715d00000,0x0000000717139878,0x0000000723580000)
  from space 21504K, 99% used [0x0000000723580000,0x0000000724a7fdc0,0x0000000724a80000)
  to   space 21504K, 0% used [0x000000072c100000,0x000000072c100000,0x000000072d600000)
 ParOldGen       total 251904K, used 19196K [0x00000005c1600000, 0x00000005d0c00000, 0x0000000715d00000)
  object space 251904K, 7% used [0x00000005c1600000,0x00000005c28bf090,0x00000005d0c00000)
 Metaspace       used 52888K, capacity 55892K, committed 55936K, reserved 1097728K
  class space    used 7510K, capacity 8047K, committed 8064K, reserved 1048576K
GC Heap History (10 events):
Event: 2.753 GC heap before
{Heap before GC invocations=3 (full 1):
 PSYoungGen      total 153088K, used 9172K [0x0000000715d00000, 0x0000000728800000, 0x00000007c0000000)
  eden space 131584K, 0% used [0x0000000715d00000,0x0000000715d00000,0x000000071dd80000)
  from space 21504K, 42% used [0x000000071f280000,0x000000071fb75378,0x0000000720780000)
  to   space 21504K, 0% used [0x000000071dd80000,0x000000071dd80000,0x000000071f280000)
 ParOldGen       total 349696K, used 24K [0x00000005c1600000, 0x00000005d6b80000, 0x0000000715d00000)
  object space 349696K, 0% used [0x00000005c1600000,0x00000005c1606000,0x00000005d6b80000)
 Metaspace       used 20519K, capacity 21226K, committed 21296K, reserved 1067008K
  class space    used 2739K, capacity 2918K, committed 2944K, reserved 1048576K
Event: 2.778 GC heap after
Heap after GC invocations=3 (full 1):
 PSYoungGen      total 153088K, used 0K [0x0000000715d00000, 0x0000000728800000, 0x00000007c0000000)
  eden space 131584K, 0% used [0x0000000715d00000,0x0000000715d00000,0x000000071dd80000)
  from space 21504K, 0% used [0x000000071f280000,0x000000071f280000,0x0000000720780000)
  to   space 21504K, 0% used [0x000000071dd80000,0x000000071dd80000,0x000000071f280000)
 ParOldGen       total 173056K, used 8572K [0x00000005c1600000, 0x00000005cbf00000, 0x0000000715d00000)
  object space 173056K, 4% used [0x00000005c1600000,0x00000005c1e5f0d0,0x00000005cbf00000)
 Metaspace       used 20518K, capacity 21220K, committed 21296K, reserved 1067008K
  class space    used 2739K, capacity 2917K, committed 2944K, reserved 1048576K
}
Event: 3.733 GC heap before
{Heap before GC invocations=4 (full 1):
 PSYoungGen      total 153088K, used 131584K [0x0000000715d00000, 0x0000000728800000, 0x00000007c0000000)
  eden space 131584K, 100% used [0x0000000715d00000,0x000000071dd80000,0x000000071dd80000)
  from space 21504K, 0% used [0x000000071f280000,0x000000071f280000,0x0000000720780000)
  to   space 21504K, 0% used [0x000000071dd80000,0x000000071dd80000,0x000000071f280000)
 ParOldGen       total 173056K, used 8572K [0x00000005c1600000, 0x00000005cbf00000, 0x0000000715d00000)
  object space 173056K, 4% used [0x00000005c1600000,0x00000005c1e5f0d0,0x00000005cbf00000)
 Metaspace       used 26522K, capacity 27818K, committed 28032K, reserved 1073152K
  class space    used 3638K, capacity 3903K, committed 3968K, reserved 1048576K
Event: 3.738 GC heap after
Heap after GC invocations=4 (full 1):
 PSYoungGen      total 153088K, used 10221K [0x0000000715d00000, 0x0000000726000000, 0x00000007c0000000)
  eden space 131584K, 0% used [0x0000000715d00000,0x0000000715d00000,0x000000071dd80000)
  from space 21504K, 47% used [0x000000071dd80000,0x000000071e77b470,0x000000071f280000)
  to   space 21504K, 0% used [0x0000000724b00000,0x0000000724b00000,0x0000000726000000)
 ParOldGen       total 173056K, used 8580K [0x00000005c1600000, 0x00000005cbf00000, 0x0000000715d00000)
  object space 173056K, 4% used [0x00000005c1600000,0x00000005c1e610d0,0x00000005cbf00000)
 Metaspace       used 26522K, capacity 27818K, committed 28032K, reserved 1073152K
  class space    used 3638K, capacity 3903K, committed 3968K, reserved 1048576K
}
Event: 4.444 GC heap before
{Heap before GC invocations=5 (full 1):
 PSYoungGen      total 153088K, used 98943K [0x0000000715d00000, 0x0000000726000000, 0x00000007c0000000)
  eden space 131584K, 67% used [0x0000000715d00000,0x000000071b3a4840,0x000000071dd80000)
  from space 21504K, 47% used [0x000000071dd80000,0x000000071e77b470,0x000000071f280000)
  to   space 21504K, 0% used [0x0000000724b00000,0x0000000724b00000,0x0000000726000000)
 ParOldGen       total 173056K, used 8580K [0x00000005c1600000, 0x00000005cbf00000, 0x0000000715d00000)
  object space 173056K, 4% used [0x00000005c1600000,0x00000005c1e610d0,0x00000005cbf00000)
 Metaspace       used 33548K, capacity 35402K, committed 35496K, reserved 1079296K
  class space    used 4676K, capacity 5035K, committed 5120K, reserved 1048576K
Event: 4.455 GC heap after
Heap after GC invocations=5 (full 1):
 PSYoungGen      total 242688K, used 13203K [0x0000000715d00000, 0x0000000725f80000, 0x00000007c0000000)
  eden space 221696K, 0% used [0x0000000715d00000,0x0000000715d00000,0x0000000723580000)
  from space 20992K, 62% used [0x0000000724b00000,0x00000007257e4e18,0x0000000725f80000)
  to   space 21504K, 0% used [0x0000000723580000,0x0000000723580000,0x0000000724a80000)
 ParOldGen       total 173056K, used 8588K [0x00000005c1600000, 0x00000005cbf00000, 0x0000000715d00000)
  object space 173056K, 4% used [0x00000005c1600000,0x00000005c1e630d0,0x00000005cbf00000)
 Metaspace       used 33548K, capacity 35402K, committed 35496K, reserved 1079296K
  class space    used 4676K, capacity 5035K, committed 5120K, reserved 1048576K
}
Event: 4.455 GC heap before
{Heap before GC invocations=6 (full 2):
 PSYoungGen      total 242688K, used 13203K [0x0000000715d00000, 0x0000000725f80000, 0x00000007c0000000)
  eden space 221696K, 0% used [0x0000000715d00000,0x0000000715d00000,0x0000000723580000)
  from space 20992K, 62% used [0x0000000724b00000,0x00000007257e4e18,0x0000000725f80000)
  to   space 21504K, 0% used [0x0000000723580000,0x0000000723580000,0x0000000724a80000)
 ParOldGen       total 173056K, used 8588K [0x00000005c1600000, 0x00000005cbf00000, 0x0000000715d00000)
  object space 173056K, 4% used [0x00000005c1600000,0x00000005c1e630d0,0x00000005cbf00000)
 Metaspace       used 33548K, capacity 35402K, committed 35496K, reserved 1079296K
  class space    used 4676K, capacity 5035K, committed 5120K, reserved 1048576K
Event: 4.486 GC heap after
Heap after GC invocations=6 (full 2):
 PSYoungGen      total 242688K, used 0K [0x0000000715d00000, 0x0000000725f80000, 0x00000007c0000000)
  eden space 221696K, 0% used [0x0000000715d00000,0x0000000715d00000,0x0000000723580000)
  from space 20992K, 0% used [0x0000000724b00000,0x0000000724b00000,0x0000000725f80000)
  to   space 21504K, 0% used [0x0000000723580000,0x0000000723580000,0x0000000724a80000)
 ParOldGen       total 251904K, used 17990K [0x00000005c1600000, 0x00000005d0c00000, 0x0000000715d00000)
  object space 251904K, 7% used [0x00000005c1600000,0x00000005c2791808,0x00000005d0c00000)
 Metaspace       used 33548K, capacity 35402K, committed 35496K, reserved 1079296K
  class space    used 4676K, capacity 5035K, committed 5120K, reserved 1048576K
}
Event: 6.299 GC heap before
{Heap before GC invocations=7 (full 2):
 PSYoungGen      total 242688K, used 221696K [0x0000000715d00000, 0x0000000725f80000, 0x00000007c0000000)
  eden space 221696K, 100% used [0x0000000715d00000,0x0000000723580000,0x0000000723580000)
  from space 20992K, 0% used [0x0000000724b00000,0x0000000724b00000,0x0000000725f80000)
  to   space 21504K, 0% used [0x0000000723580000,0x0000000723580000,0x0000000724a80000)
 ParOldGen       total 251904K, used 17990K [0x00000005c1600000, 0x00000005d0c00000, 0x0000000715d00000)
  object space 251904K, 7% used [0x00000005c1600000,0x00000005c2791808,0x00000005d0c00000)
 Metaspace       used 52675K, capacity 55604K, committed 55680K, reserved 1097728K
  class space    used 7475K, capacity 8003K, committed 8064K, reserved 1048576K
Event: 6.315 GC heap after
Heap after GC invocations=7 (full 2):
 PSYoungGen      total 243200K, used 21503K [0x0000000715d00000, 0x000000072d600000, 0x00000007c0000000)
  eden space 221696K, 0% used [0x0000000715d00000,0x0000000715d00000,0x0000000723580000)
  from space 21504K, 99% used [0x0000000723580000,0x0000000724a7fdc0,0x0000000724a80000)
  to   space 21504K, 0% used [0x000000072c100000,0x000000072c100000,0x000000072d600000)
 ParOldGen       total 251904K, used 19196K [0x00000005c1600000, 0x00000005d0c00000, 0x0000000715d00000)
  object space 251904K, 7% used [0x00000005c1600000,0x00000005c28bf090,0x00000005d0c00000)
 Metaspace       used 52675K, capacity 55604K, committed 55680K, reserved 1097728K
  class space    used 7475K, capacity 8003K, committed 8064K, reserved 1048576K
}

