# JRE version: OpenJDK Runtime Environment (8.0_322-b06) (build 1.8.0_322-b06)
# Java VM: OpenJDK 64-Bit Server VM (25.322-b06 mixed mode windows-amd64 compressed oops)
Heap:
 PSYoungGen      total 240640K, used 35337K [0x0000000715d00000, 0x000000072ca00000, 0x00000007c0000000)
  eden space 219136K, 6% used [0x0000000715d00000,0x0000000716a86988,0x0000000723300000)
  from space 21504K, 99% used [0x0000000723300000,0x00000007247fbe40,0x0000000724800000)
  to   space 22016K, 0% used [0x000000072b480000,0x000000072b480000,0x000000072ca00000)
 ParOldGen       total 263168K, used 19212K [0x00000005c1600000, 0x00000005d1700000, 0x0000000715d00000)
  object space 263168K, 7% used [0x00000005c1600000,0x00000005c28c3328,0x00000005d1700000)
 Metaspace       used 52847K, capacity 55842K, committed 55936K, reserved 1097728K
  class space    used 7500K, capacity 8012K, committed 8064K, reserved 1048576K
GC Heap History (10 events):
Event: 2.325 GC heap before
{Heap before GC invocations=3 (full 1):
 PSYoungGen      total 153088K, used 8930K [0x0000000715d00000, 0x0000000728800000, 0x00000007c0000000)
  eden space 131584K, 0% used [0x0000000715d00000,0x0000000715d00000,0x000000071dd80000)
  from space 21504K, 41% used [0x000000071f280000,0x000000071fb38b20,0x0000000720780000)
  to   space 21504K, 0% used [0x000000071dd80000,0x000000071dd80000,0x000000071f280000)
 ParOldGen       total 349696K, used 24K [0x00000005c1600000, 0x00000005d6b80000, 0x0000000715d00000)
  object space 349696K, 0% used [0x00000005c1600000,0x00000005c1606000,0x00000005d6b80000)
 Metaspace       used 20493K, capacity 21162K, committed 21296K, reserved 1067008K
  class space    used 2749K, capacity 2918K, committed 2944K, reserved 1048576K
Event: 2.347 GC heap after
Heap after GC invocations=3 (full 1):
 PSYoungGen      total 153088K, used 0K [0x0000000715d00000, 0x0000000728800000, 0x00000007c0000000)
  eden space 131584K, 0% used [0x0000000715d00000,0x0000000715d00000,0x000000071dd80000)
  from space 21504K, 0% used [0x000000071f280000,0x000000071f280000,0x0000000720780000)
  to   space 21504K, 0% used [0x000000071dd80000,0x000000071dd80000,0x000000071f280000)
 ParOldGen       total 175104K, used 8451K [0x00000005c1600000, 0x00000005cc100000, 0x0000000715d00000)
  object space 175104K, 4% used [0x00000005c1600000,0x00000005c1e40e80,0x00000005cc100000)
 Metaspace       used 20491K, capacity 21156K, committed 21296K, reserved 1067008K
  class space    used 2748K, capacity 2917K, committed 2944K, reserved 1048576K
}
Event: 3.154 GC heap before
{Heap before GC invocations=4 (full 1):
 PSYoungGen      total 153088K, used 131584K [0x0000000715d00000, 0x0000000728800000, 0x00000007c0000000)
  eden space 131584K, 100% used [0x0000000715d00000,0x000000071dd80000,0x000000071dd80000)
  from space 21504K, 0% used [0x000000071f280000,0x000000071f280000,0x0000000720780000)
  to   space 21504K, 0% used [0x000000071dd80000,0x000000071dd80000,0x000000071f280000)
 ParOldGen       total 175104K, used 8451K [0x00000005c1600000, 0x00000005cc100000, 0x0000000715d00000)
  object space 175104K, 4% used [0x00000005c1600000,0x00000005c1e40e80,0x00000005cc100000)
 Metaspace       used 26521K, capacity 27818K, committed 28032K, reserved 1073152K
  class space    used 3647K, capacity 3903K, committed 3968K, reserved 1048576K
Event: 3.159 GC heap after
Heap after GC invocations=4 (full 1):
 PSYoungGen      total 153088K, used 10173K [0x0000000715d00000, 0x0000000725f00000, 0x00000007c0000000)
  eden space 131584K, 0% used [0x0000000715d00000,0x0000000715d00000,0x000000071dd80000)
  from space 21504K, 47% used [0x000000071dd80000,0x000000071e76f588,0x000000071f280000)
  to   space 21504K, 0% used [0x0000000724a00000,0x0000000724a00000,0x0000000725f00000)
 ParOldGen       total 175104K, used 8459K [0x00000005c1600000, 0x00000005cc100000, 0x0000000715d00000)
  object space 175104K, 4% used [0x00000005c1600000,0x00000005c1e42e80,0x00000005cc100000)
 Metaspace       used 26521K, capacity 27818K, committed 28032K, reserved 1073152K
  class space    used 3647K, capacity 3903K, committed 3968K, reserved 1048576K
}
Event: 3.753 GC heap before
{Heap before GC invocations=5 (full 1):
 PSYoungGen      total 153088K, used 99867K [0x0000000715d00000, 0x0000000725f00000, 0x00000007c0000000)
  eden space 131584K, 68% used [0x0000000715d00000,0x000000071b497948,0x000000071dd80000)
  from space 21504K, 47% used [0x000000071dd80000,0x000000071e76f588,0x000000071f280000)
  to   space 21504K, 0% used [0x0000000724a00000,0x0000000724a00000,0x0000000725f00000)
 ParOldGen       total 175104K, used 8459K [0x00000005c1600000, 0x00000005cc100000, 0x0000000715d00000)
  object space 175104K, 4% used [0x00000005c1600000,0x00000005c1e42e80,0x00000005cc100000)
 Metaspace       used 33527K, capacity 35402K, committed 35496K, reserved 1079296K
  class space    used 4674K, capacity 5035K, committed 5120K, reserved 1048576K
Event: 3.761 GC heap after
Heap after GC invocations=5 (full 1):
 PSYoungGen      total 238592K, used 13212K [0x0000000715d00000, 0x0000000725d00000, 0x00000007c0000000)
  eden space 219136K, 0% used [0x0000000715d00000,0x0000000715d00000,0x0000000723300000)
  from space 19456K, 67% used [0x0000000724a00000,0x00000007256e73c0,0x0000000725d00000)
  to   space 21504K, 0% used [0x0000000723300000,0x0000000723300000,0x0000000724800000)
 ParOldGen       total 175104K, used 8467K [0x00000005c1600000, 0x00000005cc100000, 0x0000000715d00000)
  object space 175104K, 4% used [0x00000005c1600000,0x00000005c1e44e80,0x00000005cc100000)
 Metaspace       used 33527K, capacity 35402K, committed 35496K, reserved 1079296K
  class space    used 4674K, capacity 5035K, committed 5120K, reserved 1048576K
}
Event: 3.762 GC heap before
{Heap before GC invocations=6 (full 2):
 PSYoungGen      total 238592K, used 13212K [0x0000000715d00000, 0x0000000725d00000, 0x00000007c0000000)
  eden space 219136K, 0% used [0x0000000715d00000,0x0000000715d00000,0x0000000723300000)
  from space 19456K, 67% used [0x0000000724a00000,0x00000007256e73c0,0x0000000725d00000)
  to   space 21504K, 0% used [0x0000000723300000,0x0000000723300000,0x0000000724800000)
 ParOldGen       total 175104K, used 8467K [0x00000005c1600000, 0x00000005cc100000, 0x0000000715d00000)
  object space 175104K, 4% used [0x00000005c1600000,0x00000005c1e44e80,0x00000005cc100000)
 Metaspace       used 33527K, capacity 35402K, committed 35496K, reserved 1079296K
  class space    used 4674K, capacity 5035K, committed 5120K, reserved 1048576K
Event: 3.793 GC heap after
Heap after GC invocations=6 (full 2):
 PSYoungGen      total 238592K, used 0K [0x0000000715d00000, 0x0000000725d00000, 0x00000007c0000000)
  eden space 219136K, 0% used [0x0000000715d00000,0x0000000715d00000,0x0000000723300000)
  from space 19456K, 0% used [0x0000000724a00000,0x0000000724a00000,0x0000000725d00000)
  to   space 21504K, 0% used [0x0000000723300000,0x0000000723300000,0x0000000724800000)
 ParOldGen       total 263168K, used 17966K [0x00000005c1600000, 0x00000005d1700000, 0x0000000715d00000)
  object space 263168K, 6% used [0x00000005c1600000,0x00000005c278b940,0x00000005d1700000)
 Metaspace       used 33527K, capacity 35402K, committed 35496K, reserved 1079296K
  class space    used 4674K, capacity 5035K, committed 5120K, reserved 1048576K
}
Event: 5.536 GC heap before
{Heap before GC invocations=7 (full 2):
 PSYoungGen      total 238592K, used 219136K [0x0000000715d00000, 0x0000000725d00000, 0x00000007c0000000)
  eden space 219136K, 100% used [0x0000000715d00000,0x0000000723300000,0x0000000723300000)
  from space 19456K, 0% used [0x0000000724a00000,0x0000000724a00000,0x0000000725d00000)
  to   space 21504K, 0% used [0x0000000723300000,0x0000000723300000,0x0000000724800000)
 ParOldGen       total 263168K, used 17966K [0x00000005c1600000, 0x00000005d1700000, 0x0000000715d00000)
  object space 263168K, 6% used [0x00000005c1600000,0x00000005c278b940,0x00000005d1700000)
 Metaspace       used 52747K, capacity 55708K, committed 55936K, reserved 1097728K
  class space    used 7488K, capacity 8011K, committed 8064K, reserved 1048576K
Event: 5.555 GC heap after
Heap after GC invocations=7 (full 2):
 PSYoungGen      total 240640K, used 21487K [0x0000000715d00000, 0x000000072ca00000, 0x00000007c0000000)
  eden space 219136K, 0% used [0x0000000715d00000,0x0000000715d00000,0x0000000723300000)
  from space 21504K, 99% used [0x0000000723300000,0x00000007247fbe40,0x0000000724800000)
  to   space 22016K, 0% used [0x000000072b480000,0x000000072b480000,0x000000072ca00000)
 ParOldGen       total 263168K, used 19212K [0x00000005c1600000, 0x00000005d1700000, 0x0000000715d00000)
  object space 263168K, 7% used [0x00000005c1600000,0x00000005c28c3328,0x00000005d1700000)
 Metaspace       used 52747K, capacity 55708K, committed 55936K, reserved 1097728K
  class space    used 7488K, capacity 8011K, committed 8064K, reserved 1048576K
}

