# JRE version: OpenJDK Runtime Environment (8.0_322-b06) (build 1.8.0_322-b06)
# Java VM: OpenJDK 64-Bit Server VM (25.322-b06 mixed mode windows-amd64 compressed oops)
Heap:
 PSYoungGen      total 242688K, used 50306K [0x0000000715d00000, 0x000000072d400000, 0x00000007c0000000)
  eden space 221184K, 13% used [0x0000000715d00000,0x0000000717927618,0x0000000723500000)
  from space 21504K, 99% used [0x0000000723500000,0x00000007249f9278,0x0000000724a00000)
  to   space 21504K, 0% used [0x000000072bf00000,0x000000072bf00000,0x000000072d400000)
 ParOldGen       total 249856K, used 19221K [0x00000005c1600000, 0x00000005d0a00000, 0x0000000715d00000)
  object space 249856K, 7% used [0x00000005c1600000,0x00000005c28c56c0,0x00000005d0a00000)
 Metaspace       used 52880K, capacity 55892K, committed 55936K, reserved 1097728K
  class space    used 7508K, capacity 8047K, committed 8064K, reserved 1048576K
GC Heap History (10 events):
Event: 2.676 GC heap before
{Heap before GC invocations=3 (full 1):
 PSYoungGen      total 153088K, used 8992K [0x0000000715d00000, 0x0000000728800000, 0x00000007c0000000)
  eden space 131584K, 0% used [0x0000000715d00000,0x0000000715d00000,0x000000071dd80000)
  from space 21504K, 41% used [0x000000071f280000,0x000000071fb48380,0x0000000720780000)
  to   space 21504K, 0% used [0x000000071dd80000,0x000000071dd80000,0x000000071f280000)
 ParOldGen       total 349696K, used 24K [0x00000005c1600000, 0x00000005d6b80000, 0x0000000715d00000)
  object space 349696K, 0% used [0x00000005c1600000,0x00000005c1606000,0x00000005d6b80000)
 Metaspace       used 20527K, capacity 21228K, committed 21296K, reserved 1067008K
  class space    used 2749K, capacity 2919K, committed 2944K, reserved 1048576K
Event: 2.701 GC heap after
Heap after GC invocations=3 (full 1):
 PSYoungGen      total 153088K, used 0K [0x0000000715d00000, 0x0000000728800000, 0x00000007c0000000)
  eden space 131584K, 0% used [0x0000000715d00000,0x0000000715d00000,0x000000071dd80000)
  from space 21504K, 0% used [0x000000071f280000,0x000000071f280000,0x0000000720780000)
  to   space 21504K, 0% used [0x000000071dd80000,0x000000071dd80000,0x000000071f280000)
 ParOldGen       total 171520K, used 8542K [0x00000005c1600000, 0x00000005cbd80000, 0x0000000715d00000)
  object space 171520K, 4% used [0x00000005c1600000,0x00000005c1e57a98,0x00000005cbd80000)
 Metaspace       used 20525K, capacity 21222K, committed 21296K, reserved 1067008K
  class space    used 2749K, capacity 2918K, committed 2944K, reserved 1048576K
}
Event: 3.590 GC heap before
{Heap before GC invocations=4 (full 1):
 PSYoungGen      total 153088K, used 131584K [0x0000000715d00000, 0x0000000728800000, 0x00000007c0000000)
  eden space 131584K, 100% used [0x0000000715d00000,0x000000071dd80000,0x000000071dd80000)
  from space 21504K, 0% used [0x000000071f280000,0x000000071f280000,0x0000000720780000)
  to   space 21504K, 0% used [0x000000071dd80000,0x000000071dd80000,0x000000071f280000)
 ParOldGen       total 171520K, used 8542K [0x00000005c1600000, 0x00000005cbd80000, 0x0000000715d00000)
  object space 171520K, 4% used [0x00000005c1600000,0x00000005c1e57a98,0x00000005cbd80000)
 Metaspace       used 26508K, capacity 27818K, committed 28032K, reserved 1073152K
  class space    used 3645K, capacity 3903K, committed 3968K, reserved 1048576K
Event: 3.595 GC heap after
Heap after GC invocations=4 (full 1):
 PSYoungGen      total 153088K, used 10186K [0x0000000715d00000, 0x0000000726200000, 0x00000007c0000000)
  eden space 131584K, 0% used [0x0000000715d00000,0x0000000715d00000,0x000000071dd80000)
  from space 21504K, 47% used [0x000000071dd80000,0x000000071e772ac8,0x000000071f280000)
  to   space 21504K, 0% used [0x0000000724d00000,0x0000000724d00000,0x0000000726200000)
 ParOldGen       total 171520K, used 8550K [0x00000005c1600000, 0x00000005cbd80000, 0x0000000715d00000)
  object space 171520K, 4% used [0x00000005c1600000,0x00000005c1e59a98,0x00000005cbd80000)
 Metaspace       used 26508K, capacity 27818K, committed 28032K, reserved 1073152K
  class space    used 3645K, capacity 3903K, committed 3968K, reserved 1048576K
}
Event: 4.282 GC heap before
{Heap before GC invocations=5 (full 1):
 PSYoungGen      total 153088K, used 99878K [0x0000000715d00000, 0x0000000726200000, 0x00000007c0000000)
  eden space 131584K, 68% used [0x0000000715d00000,0x000000071b496f60,0x000000071dd80000)
  from space 21504K, 47% used [0x000000071dd80000,0x000000071e772ac8,0x000000071f280000)
  to   space 21504K, 0% used [0x0000000724d00000,0x0000000724d00000,0x0000000726200000)
 ParOldGen       total 171520K, used 8550K [0x00000005c1600000, 0x00000005cbd80000, 0x0000000715d00000)
  object space 171520K, 4% used [0x00000005c1600000,0x00000005c1e59a98,0x00000005cbd80000)
 Metaspace       used 33532K, capacity 35402K, committed 35496K, reserved 1079296K
  class space    used 4676K, capacity 5035K, committed 5120K, reserved 1048576K
Event: 4.291 GC heap after
Heap after GC invocations=5 (full 1):
 PSYoungGen      total 239616K, used 13179K [0x0000000715d00000, 0x0000000725f00000, 0x00000007c0000000)
  eden space 221184K, 0% used [0x0000000715d00000,0x0000000715d00000,0x0000000723500000)
  from space 18432K, 71% used [0x0000000724d00000,0x00000007259deee0,0x0000000725f00000)
  to   space 21504K, 0% used [0x0000000723500000,0x0000000723500000,0x0000000724a00000)
 ParOldGen       total 171520K, used 8558K [0x00000005c1600000, 0x00000005cbd80000, 0x0000000715d00000)
  object space 171520K, 4% used [0x00000005c1600000,0x00000005c1e5ba98,0x00000005cbd80000)
 Metaspace       used 33532K, capacity 35402K, committed 35496K, reserved 1079296K
  class space    used 4676K, capacity 5035K, committed 5120K, reserved 1048576K
}
Event: 4.291 GC heap before
{Heap before GC invocations=6 (full 2):
 PSYoungGen      total 239616K, used 13179K [0x0000000715d00000, 0x0000000725f00000, 0x00000007c0000000)
  eden space 221184K, 0% used [0x0000000715d00000,0x0000000715d00000,0x0000000723500000)
  from space 18432K, 71% used [0x0000000724d00000,0x00000007259deee0,0x0000000725f00000)
  to   space 21504K, 0% used [0x0000000723500000,0x0000000723500000,0x0000000724a00000)
 ParOldGen       total 171520K, used 8558K [0x00000005c1600000, 0x00000005cbd80000, 0x0000000715d00000)
  object space 171520K, 4% used [0x00000005c1600000,0x00000005c1e5ba98,0x00000005cbd80000)
 Metaspace       used 33532K, capacity 35402K, committed 35496K, reserved 1079296K
  class space    used 4676K, capacity 5035K, committed 5120K, reserved 1048576K
Event: 4.320 GC heap after
Heap after GC invocations=6 (full 2):
 PSYoungGen      total 239616K, used 0K [0x0000000715d00000, 0x0000000725f00000, 0x00000007c0000000)
  eden space 221184K, 0% used [0x0000000715d00000,0x0000000715d00000,0x0000000723500000)
  from space 18432K, 0% used [0x0000000724d00000,0x0000000724d00000,0x0000000725f00000)
  to   space 21504K, 0% used [0x0000000723500000,0x0000000723500000,0x0000000724a00000)
 ParOldGen       total 249856K, used 18000K [0x00000005c1600000, 0x00000005d0a00000, 0x0000000715d00000)
  object space 249856K, 7% used [0x00000005c1600000,0x00000005c2794140,0x00000005d0a00000)
 Metaspace       used 33532K, capacity 35402K, committed 35496K, reserved 1079296K
  class space    used 4676K, capacity 5035K, committed 5120K, reserved 1048576K
}
Event: 6.533 GC heap before
{Heap before GC invocations=7 (full 2):
 PSYoungGen      total 239616K, used 221184K [0x0000000715d00000, 0x0000000725f00000, 0x00000007c0000000)
  eden space 221184K, 100% used [0x0000000715d00000,0x0000000723500000,0x0000000723500000)
  from space 18432K, 0% used [0x0000000724d00000,0x0000000724d00000,0x0000000725f00000)
  to   space 21504K, 0% used [0x0000000723500000,0x0000000723500000,0x0000000724a00000)
 ParOldGen       total 249856K, used 18000K [0x00000005c1600000, 0x00000005d0a00000, 0x0000000715d00000)
  object space 249856K, 7% used [0x00000005c1600000,0x00000005c2794140,0x00000005d0a00000)
 Metaspace       used 52788K, capacity 55760K, committed 55936K, reserved 1097728K
  class space    used 7491K, capacity 8008K, committed 8064K, reserved 1048576K
Event: 6.550 GC heap after
Heap after GC invocations=7 (full 2):
 PSYoungGen      total 242688K, used 21476K [0x0000000715d00000, 0x000000072d400000, 0x00000007c0000000)
  eden space 221184K, 0% used [0x0000000715d00000,0x0000000715d00000,0x0000000723500000)
  from space 21504K, 99% used [0x0000000723500000,0x00000007249f9278,0x0000000724a00000)
  to   space 21504K, 0% used [0x000000072bf00000,0x000000072bf00000,0x000000072d400000)
 ParOldGen       total 249856K, used 19221K [0x00000005c1600000, 0x00000005d0a00000, 0x0000000715d00000)
  object space 249856K, 7% used [0x00000005c1600000,0x00000005c28c56c0,0x00000005d0a00000)
 Metaspace       used 52788K, capacity 55760K, committed 55936K, reserved 1097728K
  class space    used 7491K, capacity 8008K, committed 8064K, reserved 1048576K
}

