# JRE version: OpenJDK Runtime Environment (8.0_322-b06) (build 1.8.0_322-b06)
# Java VM: OpenJDK 64-Bit Server VM (25.322-b06 mixed mode windows-amd64 compressed oops)
Heap:
 PSYoungGen      total 235520K, used 42167K [0x0000000715d00000, 0x000000072c080000, 0x00000007c0000000)
  eden space 214016K, 9% used [0x0000000715d00000,0x00000007171356a8,0x0000000722e00000)
  from space 21504K, 99% used [0x0000000722e00000,0x00000007242f8708,0x0000000724300000)
  to   space 22016K, 0% used [0x000000072ab00000,0x000000072ab00000,0x000000072c080000)
 ParOldGen       total 273408K, used 19252K [0x00000005c1600000, 0x00000005d2100000, 0x0000000715d00000)
  object space 273408K, 7% used [0x00000005c1600000,0x00000005c28cd130,0x00000005d2100000)
 Metaspace       used 52886K, capacity 55892K, committed 55936K, reserved 1097728K
  class space    used 7509K, capacity 8047K, committed 8064K, reserved 1048576K
GC Heap History (10 events):
Event: 2.425 GC heap before
{Heap before GC invocations=3 (full 1):
 PSYoungGen      total 153088K, used 9083K [0x0000000715d00000, 0x0000000728800000, 0x00000007c0000000)
  eden space 131584K, 0% used [0x0000000715d00000,0x0000000715d00000,0x000000071dd80000)
  from space 21504K, 42% used [0x000000071f280000,0x000000071fb5efe0,0x0000000720780000)
  to   space 21504K, 0% used [0x000000071dd80000,0x000000071dd80000,0x000000071f280000)
 ParOldGen       total 349696K, used 24K [0x00000005c1600000, 0x00000005d6b80000, 0x0000000715d00000)
  object space 349696K, 0% used [0x00000005c1600000,0x00000005c1606000,0x00000005d6b80000)
 Metaspace       used 20520K, capacity 21228K, committed 21296K, reserved 1067008K
  class space    used 2742K, capacity 2919K, committed 2944K, reserved 1048576K
Event: 2.449 GC heap after
Heap after GC invocations=3 (full 1):
 PSYoungGen      total 153088K, used 0K [0x0000000715d00000, 0x0000000728800000, 0x00000007c0000000)
  eden space 131584K, 0% used [0x0000000715d00000,0x0000000715d00000,0x000000071dd80000)
  from space 21504K, 0% used [0x000000071f280000,0x000000071f280000,0x0000000720780000)
  to   space 21504K, 0% used [0x000000071dd80000,0x000000071dd80000,0x000000071f280000)
 ParOldGen       total 180736K, used 8582K [0x00000005c1600000, 0x00000005cc680000, 0x0000000715d00000)
  object space 180736K, 4% used [0x00000005c1600000,0x00000005c1e61ad0,0x00000005cc680000)
 Metaspace       used 20518K, capacity 21222K, committed 21296K, reserved 1067008K
  class space    used 2742K, capacity 2918K, committed 2944K, reserved 1048576K
}
Event: 3.243 GC heap before
{Heap before GC invocations=4 (full 1):
 PSYoungGen      total 153088K, used 131584K [0x0000000715d00000, 0x0000000728800000, 0x00000007c0000000)
  eden space 131584K, 100% used [0x0000000715d00000,0x000000071dd80000,0x000000071dd80000)
  from space 21504K, 0% used [0x000000071f280000,0x000000071f280000,0x0000000720780000)
  to   space 21504K, 0% used [0x000000071dd80000,0x000000071dd80000,0x000000071f280000)
 ParOldGen       total 180736K, used 8582K [0x00000005c1600000, 0x00000005cc680000, 0x0000000715d00000)
  object space 180736K, 4% used [0x00000005c1600000,0x00000005c1e61ad0,0x00000005cc680000)
 Metaspace       used 26527K, capacity 27818K, committed 28032K, reserved 1073152K
  class space    used 3641K, capacity 3903K, committed 3968K, reserved 1048576K
Event: 3.248 GC heap after
Heap after GC invocations=4 (full 1):
 PSYoungGen      total 153088K, used 10151K [0x0000000715d00000, 0x0000000725900000, 0x00000007c0000000)
  eden space 131584K, 0% used [0x0000000715d00000,0x0000000715d00000,0x000000071dd80000)
  from space 21504K, 47% used [0x000000071dd80000,0x000000071e769d58,0x000000071f280000)
  to   space 21504K, 0% used [0x0000000724400000,0x0000000724400000,0x0000000725900000)
 ParOldGen       total 180736K, used 8590K [0x00000005c1600000, 0x00000005cc680000, 0x0000000715d00000)
  object space 180736K, 4% used [0x00000005c1600000,0x00000005c1e63ad0,0x00000005cc680000)
 Metaspace       used 26527K, capacity 27818K, committed 28032K, reserved 1073152K
  class space    used 3641K, capacity 3903K, committed 3968K, reserved 1048576K
}
Event: 3.823 GC heap before
{Heap before GC invocations=5 (full 1):
 PSYoungGen      total 153088K, used 98888K [0x0000000715d00000, 0x0000000725900000, 0x00000007c0000000)
  eden space 131584K, 67% used [0x0000000715d00000,0x000000071b3a83a8,0x000000071dd80000)
  from space 21504K, 47% used [0x000000071dd80000,0x000000071e769d58,0x000000071f280000)
  to   space 21504K, 0% used [0x0000000724400000,0x0000000724400000,0x0000000725900000)
 ParOldGen       total 180736K, used 8590K [0x00000005c1600000, 0x00000005cc680000, 0x0000000715d00000)
  object space 180736K, 4% used [0x00000005c1600000,0x00000005c1e63ad0,0x00000005cc680000)
 Metaspace       used 33549K, capacity 35402K, committed 35496K, reserved 1079296K
  class space    used 4676K, capacity 5035K, committed 5120K, reserved 1048576K
Event: 3.831 GC heap after
Heap after GC invocations=5 (full 1):
 PSYoungGen      total 234496K, used 13216K [0x0000000715d00000, 0x0000000725800000, 0x00000007c0000000)
  eden space 214016K, 0% used [0x0000000715d00000,0x0000000715d00000,0x0000000722e00000)
  from space 20480K, 64% used [0x0000000724400000,0x00000007250e8278,0x0000000725800000)
  to   space 21504K, 0% used [0x0000000722e00000,0x0000000722e00000,0x0000000724300000)
 ParOldGen       total 180736K, used 8598K [0x00000005c1600000, 0x00000005cc680000, 0x0000000715d00000)
  object space 180736K, 4% used [0x00000005c1600000,0x00000005c1e65ad0,0x00000005cc680000)
 Metaspace       used 33549K, capacity 35402K, committed 35496K, reserved 1079296K
  class space    used 4676K, capacity 5035K, committed 5120K, reserved 1048576K
}
Event: 3.831 GC heap before
{Heap before GC invocations=6 (full 2):
 PSYoungGen      total 234496K, used 13216K [0x0000000715d00000, 0x0000000725800000, 0x00000007c0000000)
  eden space 214016K, 0% used [0x0000000715d00000,0x0000000715d00000,0x0000000722e00000)
  from space 20480K, 64% used [0x0000000724400000,0x00000007250e8278,0x0000000725800000)
  to   space 21504K, 0% used [0x0000000722e00000,0x0000000722e00000,0x0000000724300000)
 ParOldGen       total 180736K, used 8598K [0x00000005c1600000, 0x00000005cc680000, 0x0000000715d00000)
  object space 180736K, 4% used [0x00000005c1600000,0x00000005c1e65ad0,0x00000005cc680000)
 Metaspace       used 33549K, capacity 35402K, committed 35496K, reserved 1079296K
  class space    used 4676K, capacity 5035K, committed 5120K, reserved 1048576K
Event: 3.859 GC heap after
Heap after GC invocations=6 (full 2):
 PSYoungGen      total 234496K, used 0K [0x0000000715d00000, 0x0000000725800000, 0x00000007c0000000)
  eden space 214016K, 0% used [0x0000000715d00000,0x0000000715d00000,0x0000000722e00000)
  from space 20480K, 0% used [0x0000000724400000,0x0000000724400000,0x0000000725800000)
  to   space 21504K, 0% used [0x0000000722e00000,0x0000000722e00000,0x0000000724300000)
 ParOldGen       total 273408K, used 18033K [0x00000005c1600000, 0x00000005d2100000, 0x0000000715d00000)
  object space 273408K, 6% used [0x00000005c1600000,0x00000005c279c760,0x00000005d2100000)
 Metaspace       used 33549K, capacity 35402K, committed 35496K, reserved 1079296K
  class space    used 4676K, capacity 5035K, committed 5120K, reserved 1048576K
}
Event: 5.484 GC heap before
{Heap before GC invocations=7 (full 2):
 PSYoungGen      total 234496K, used 214016K [0x0000000715d00000, 0x0000000725800000, 0x00000007c0000000)
  eden space 214016K, 100% used [0x0000000715d00000,0x0000000722e00000,0x0000000722e00000)
  from space 20480K, 0% used [0x0000000724400000,0x0000000724400000,0x0000000725800000)
  to   space 21504K, 0% used [0x0000000722e00000,0x0000000722e00000,0x0000000724300000)
 ParOldGen       total 273408K, used 18033K [0x00000005c1600000, 0x00000005d2100000, 0x0000000715d00000)
  object space 273408K, 6% used [0x00000005c1600000,0x00000005c279c760,0x00000005d2100000)
 Metaspace       used 52632K, capacity 55520K, committed 55680K, reserved 1097728K
  class space    used 7468K, capacity 7998K, committed 8064K, reserved 1048576K
Event: 5.500 GC heap after
Heap after GC invocations=7 (full 2):
 PSYoungGen      total 235520K, used 21473K [0x0000000715d00000, 0x000000072c080000, 0x00000007c0000000)
  eden space 214016K, 0% used [0x0000000715d00000,0x0000000715d00000,0x0000000722e00000)
  from space 21504K, 99% used [0x0000000722e00000,0x00000007242f8708,0x0000000724300000)
  to   space 22016K, 0% used [0x000000072ab00000,0x000000072ab00000,0x000000072c080000)
 ParOldGen       total 273408K, used 19252K [0x00000005c1600000, 0x00000005d2100000, 0x0000000715d00000)
  object space 273408K, 7% used [0x00000005c1600000,0x00000005c28cd130,0x00000005d2100000)
 Metaspace       used 52632K, capacity 55520K, committed 55680K, reserved 1097728K
  class space    used 7468K, capacity 7998K, committed 8064K, reserved 1048576K
}

