# JRE version: OpenJDK Runtime Environment (8.0_322-b06) (build 1.8.0_322-b06)
# Java VM: OpenJDK 64-Bit Server VM (25.322-b06 mixed mode windows-amd64 compressed oops)
Heap:
 PSYoungGen      total 237056K, used 39446K [0x0000000715d00000, 0x000000072c380000, 0x00000007c0000000)
  eden space 215552K, 8% used [0x0000000715d00000,0x0000000716e89940,0x0000000722f80000)
  from space 21504K, 99% used [0x0000000722f80000,0x000000072447c018,0x0000000724480000)
  to   space 21504K, 0% used [0x000000072ae80000,0x000000072ae80000,0x000000072c380000)
 ParOldGen       total 270848K, used 19172K [0x00000005c1600000, 0x00000005d1e80000, 0x0000000715d00000)
  object space 270848K, 7% used [0x00000005c1600000,0x00000005c28b90b8,0x00000005d1e80000)
 Metaspace       used 52878K, capacity 55860K, committed 55936K, reserved 1097728K
  class space    used 7506K, capacity 8015K, committed 8064K, reserved 1048576K
GC Heap History (10 events):
Event: 2.425 GC heap before
{Heap before GC invocations=3 (full 1):
 PSYoungGen      total 153088K, used 9007K [0x0000000715d00000, 0x0000000728800000, 0x00000007c0000000)
  eden space 131584K, 0% used [0x0000000715d00000,0x0000000715d00000,0x000000071dd80000)
  from space 21504K, 41% used [0x000000071f280000,0x000000071fb4bc68,0x0000000720780000)
  to   space 21504K, 0% used [0x000000071dd80000,0x000000071dd80000,0x000000071f280000)
 ParOldGen       total 349696K, used 24K [0x00000005c1600000, 0x00000005d6b80000, 0x0000000715d00000)
  object space 349696K, 0% used [0x00000005c1600000,0x00000005c1606000,0x00000005d6b80000)
 Metaspace       used 20532K, capacity 21230K, committed 21296K, reserved 1067008K
  class space    used 2750K, capacity 2920K, committed 2944K, reserved 1048576K
Event: 2.447 GC heap after
Heap after GC invocations=3 (full 1):
 PSYoungGen      total 153088K, used 0K [0x0000000715d00000, 0x0000000728800000, 0x00000007c0000000)
  eden space 131584K, 0% used [0x0000000715d00000,0x0000000715d00000,0x000000071dd80000)
  from space 21504K, 0% used [0x000000071f280000,0x000000071f280000,0x0000000720780000)
  to   space 21504K, 0% used [0x000000071dd80000,0x000000071dd80000,0x000000071f280000)
 ParOldGen       total 179712K, used 8492K [0x00000005c1600000, 0x00000005cc580000, 0x0000000715d00000)
  object space 179712K, 4% used [0x00000005c1600000,0x00000005c1e4b190,0x00000005cc580000)
 Metaspace       used 20530K, capacity 21224K, committed 21296K, reserved 1067008K
  class space    used 2749K, capacity 2919K, committed 2944K, reserved 1048576K
}
Event: 3.210 GC heap before
{Heap before GC invocations=4 (full 1):
 PSYoungGen      total 153088K, used 131584K [0x0000000715d00000, 0x0000000728800000, 0x00000007c0000000)
  eden space 131584K, 100% used [0x0000000715d00000,0x000000071dd80000,0x000000071dd80000)
  from space 21504K, 0% used [0x000000071f280000,0x000000071f280000,0x0000000720780000)
  to   space 21504K, 0% used [0x000000071dd80000,0x000000071dd80000,0x000000071f280000)
 ParOldGen       total 179712K, used 8492K [0x00000005c1600000, 0x00000005cc580000, 0x0000000715d00000)
  object space 179712K, 4% used [0x00000005c1600000,0x00000005c1e4b190,0x00000005cc580000)
 Metaspace       used 26541K, capacity 27916K, committed 28032K, reserved 1073152K
  class space    used 3652K, capacity 3936K, committed 3968K, reserved 1048576K
Event: 3.216 GC heap after
Heap after GC invocations=4 (full 1):
 PSYoungGen      total 153088K, used 10302K [0x0000000715d00000, 0x0000000725b00000, 0x00000007c0000000)
  eden space 131584K, 0% used [0x0000000715d00000,0x0000000715d00000,0x000000071dd80000)
  from space 21504K, 47% used [0x000000071dd80000,0x000000071e78fba0,0x000000071f280000)
  to   space 21504K, 0% used [0x0000000724600000,0x0000000724600000,0x0000000725b00000)
 ParOldGen       total 179712K, used 8500K [0x00000005c1600000, 0x00000005cc580000, 0x0000000715d00000)
  object space 179712K, 4% used [0x00000005c1600000,0x00000005c1e4d190,0x00000005cc580000)
 Metaspace       used 26541K, capacity 27916K, committed 28032K, reserved 1073152K
  class space    used 3652K, capacity 3936K, committed 3968K, reserved 1048576K
}
Event: 3.852 GC heap before
{Heap before GC invocations=5 (full 1):
 PSYoungGen      total 153088K, used 99264K [0x0000000715d00000, 0x0000000725b00000, 0x00000007c0000000)
  eden space 131584K, 67% used [0x0000000715d00000,0x000000071b3e07e8,0x000000071dd80000)
  from space 21504K, 47% used [0x000000071dd80000,0x000000071e78fba0,0x000000071f280000)
  to   space 21504K, 0% used [0x0000000724600000,0x0000000724600000,0x0000000725b00000)
 ParOldGen       total 179712K, used 8500K [0x00000005c1600000, 0x00000005cc580000, 0x0000000715d00000)
  object space 179712K, 4% used [0x00000005c1600000,0x00000005c1e4d190,0x00000005cc580000)
 Metaspace       used 33535K, capacity 35402K, committed 35496K, reserved 1079296K
  class space    used 4675K, capacity 5035K, committed 5120K, reserved 1048576K
Event: 3.860 GC heap after
Heap after GC invocations=5 (full 1):
 PSYoungGen      total 235520K, used 13184K [0x0000000715d00000, 0x0000000725980000, 0x00000007c0000000)
  eden space 215552K, 0% used [0x0000000715d00000,0x0000000715d00000,0x0000000722f80000)
  from space 19968K, 66% used [0x0000000724600000,0x00000007252e03c8,0x0000000725980000)
  to   space 21504K, 0% used [0x0000000722f80000,0x0000000722f80000,0x0000000724480000)
 ParOldGen       total 179712K, used 8508K [0x00000005c1600000, 0x00000005cc580000, 0x0000000715d00000)
  object space 179712K, 4% used [0x00000005c1600000,0x00000005c1e4f190,0x00000005cc580000)
 Metaspace       used 33535K, capacity 35402K, committed 35496K, reserved 1079296K
  class space    used 4675K, capacity 5035K, committed 5120K, reserved 1048576K
}
Event: 3.860 GC heap before
{Heap before GC invocations=6 (full 2):
 PSYoungGen      total 235520K, used 13184K [0x0000000715d00000, 0x0000000725980000, 0x00000007c0000000)
  eden space 215552K, 0% used [0x0000000715d00000,0x0000000715d00000,0x0000000722f80000)
  from space 19968K, 66% used [0x0000000724600000,0x00000007252e03c8,0x0000000725980000)
  to   space 21504K, 0% used [0x0000000722f80000,0x0000000722f80000,0x0000000724480000)
 ParOldGen       total 179712K, used 8508K [0x00000005c1600000, 0x00000005cc580000, 0x0000000715d00000)
  object space 179712K, 4% used [0x00000005c1600000,0x00000005c1e4f190,0x00000005cc580000)
 Metaspace       used 33535K, capacity 35402K, committed 35496K, reserved 1079296K
  class space    used 4675K, capacity 5035K, committed 5120K, reserved 1048576K
Event: 3.886 GC heap after
Heap after GC invocations=6 (full 2):
 PSYoungGen      total 235520K, used 0K [0x0000000715d00000, 0x0000000725980000, 0x00000007c0000000)
  eden space 215552K, 0% used [0x0000000715d00000,0x0000000715d00000,0x0000000722f80000)
  from space 19968K, 0% used [0x0000000724600000,0x0000000724600000,0x0000000725980000)
  to   space 21504K, 0% used [0x0000000722f80000,0x0000000722f80000,0x0000000724480000)
 ParOldGen       total 270848K, used 17955K [0x00000005c1600000, 0x00000005d1e80000, 0x0000000715d00000)
  object space 270848K, 6% used [0x00000005c1600000,0x00000005c2788ff8,0x00000005d1e80000)
 Metaspace       used 33535K, capacity 35402K, committed 35496K, reserved 1079296K
  class space    used 4675K, capacity 5035K, committed 5120K, reserved 1048576K
}
Event: 5.378 GC heap before
{Heap before GC invocations=7 (full 2):
 PSYoungGen      total 235520K, used 215552K [0x0000000715d00000, 0x0000000725980000, 0x00000007c0000000)
  eden space 215552K, 100% used [0x0000000715d00000,0x0000000722f80000,0x0000000722f80000)
  from space 19968K, 0% used [0x0000000724600000,0x0000000724600000,0x0000000725980000)
  to   space 21504K, 0% used [0x0000000722f80000,0x0000000722f80000,0x0000000724480000)
 ParOldGen       total 270848K, used 17955K [0x00000005c1600000, 0x00000005d1e80000, 0x0000000715d00000)
  object space 270848K, 6% used [0x00000005c1600000,0x00000005c2788ff8,0x00000005d1e80000)
 Metaspace       used 52811K, capacity 55772K, committed 55936K, reserved 1097728K
  class space    used 7492K, capacity 8011K, committed 8064K, reserved 1048576K
Event: 5.393 GC heap after
Heap after GC invocations=7 (full 2):
 PSYoungGen      total 237056K, used 21488K [0x0000000715d00000, 0x000000072c380000, 0x00000007c0000000)
  eden space 215552K, 0% used [0x0000000715d00000,0x0000000715d00000,0x0000000722f80000)
  from space 21504K, 99% used [0x0000000722f80000,0x000000072447c018,0x0000000724480000)
  to   space 21504K, 0% used [0x000000072ae80000,0x000000072ae80000,0x000000072c380000)
 ParOldGen       total 270848K, used 19172K [0x00000005c1600000, 0x00000005d1e80000, 0x0000000715d00000)
  object space 270848K, 7% used [0x00000005c1600000,0x00000005c28b90b8,0x00000005d1e80000)
 Metaspace       used 52811K, capacity 55772K, committed 55936K, reserved 1097728K
  class space    used 7492K, capacity 8011K, committed 8064K, reserved 1048576K
}

