# JRE version: OpenJDK Runtime Environment (8.0_322-b06) (build 1.8.0_322-b06)
# Java VM: OpenJDK 64-Bit Server VM (25.322-b06 mixed mode windows-amd64 compressed oops)
Heap:
 PSYoungGen      total 234496K, used 46249K [0x0000000715d00000, 0x000000072b800000, 0x00000007c0000000)
  eden space 212992K, 11% used [0x0000000715d00000,0x000000071752e5d0,0x0000000722d00000)
  from space 21504K, 99% used [0x0000000722d00000,0x00000007241fc1d0,0x0000000724200000)
  to   space 21504K, 0% used [0x000000072a300000,0x000000072a300000,0x000000072b800000)
 ParOldGen       total 280576K, used 18945K [0x00000005c1600000, 0x00000005d2800000, 0x0000000715d00000)
  object space 280576K, 6% used [0x00000005c1600000,0x00000005c2880720,0x00000005d2800000)
 Metaspace       used 52877K, capacity 55892K, committed 55936K, reserved 1097728K
  class space    used 7507K, capacity 8047K, committed 8064K, reserved 1048576K
GC Heap History (10 events):
Event: 2.262 GC heap before
{Heap before GC invocations=3 (full 1):
 PSYoungGen      total 153088K, used 9233K [0x0000000715d00000, 0x0000000728800000, 0x00000007c0000000)
  eden space 131584K, 0% used [0x0000000715d00000,0x0000000715d00000,0x000000071dd80000)
  from space 21504K, 42% used [0x000000071f280000,0x000000071fb847d8,0x0000000720780000)
  to   space 21504K, 0% used [0x000000071dd80000,0x000000071dd80000,0x000000071f280000)
 ParOldGen       total 349696K, used 24K [0x00000005c1600000, 0x00000005d6b80000, 0x0000000715d00000)
  object space 349696K, 0% used [0x00000005c1600000,0x00000005c1606000,0x00000005d6b80000)
 Metaspace       used 20570K, capacity 21230K, committed 21296K, reserved 1067008K
  class space    used 2750K, capacity 2920K, committed 2944K, reserved 1048576K
Event: 2.285 GC heap after
Heap after GC invocations=3 (full 1):
 PSYoungGen      total 153088K, used 0K [0x0000000715d00000, 0x0000000728800000, 0x00000007c0000000)
  eden space 131584K, 0% used [0x0000000715d00000,0x0000000715d00000,0x000000071dd80000)
  from space 21504K, 0% used [0x000000071f280000,0x000000071f280000,0x0000000720780000)
  to   space 21504K, 0% used [0x000000071dd80000,0x000000071dd80000,0x000000071f280000)
 ParOldGen       total 181760K, used 8665K [0x00000005c1600000, 0x00000005cc780000, 0x0000000715d00000)
  object space 181760K, 4% used [0x00000005c1600000,0x00000005c1e766e8,0x00000005cc780000)
 Metaspace       used 20568K, capacity 21224K, committed 21296K, reserved 1067008K
  class space    used 2749K, capacity 2919K, committed 2944K, reserved 1048576K
}
Event: 3.148 GC heap before
{Heap before GC invocations=4 (full 1):
 PSYoungGen      total 153088K, used 131584K [0x0000000715d00000, 0x0000000728800000, 0x00000007c0000000)
  eden space 131584K, 100% used [0x0000000715d00000,0x000000071dd80000,0x000000071dd80000)
  from space 21504K, 0% used [0x000000071f280000,0x000000071f280000,0x0000000720780000)
  to   space 21504K, 0% used [0x000000071dd80000,0x000000071dd80000,0x000000071f280000)
 ParOldGen       total 181760K, used 8665K [0x00000005c1600000, 0x00000005cc780000, 0x0000000715d00000)
  object space 181760K, 4% used [0x00000005c1600000,0x00000005c1e766e8,0x00000005cc780000)
 Metaspace       used 26526K, capacity 27884K, committed 28032K, reserved 1073152K
  class space    used 3645K, capacity 3904K, committed 3968K, reserved 1048576K
Event: 3.155 GC heap after
Heap after GC invocations=4 (full 1):
 PSYoungGen      total 153088K, used 10261K [0x0000000715d00000, 0x0000000725880000, 0x00000007c0000000)
  eden space 131584K, 0% used [0x0000000715d00000,0x0000000715d00000,0x000000071dd80000)
  from space 21504K, 47% used [0x000000071dd80000,0x000000071e7854a8,0x000000071f280000)
  to   space 21504K, 0% used [0x0000000724380000,0x0000000724380000,0x0000000725880000)
 ParOldGen       total 181760K, used 8673K [0x00000005c1600000, 0x00000005cc780000, 0x0000000715d00000)
  object space 181760K, 4% used [0x00000005c1600000,0x00000005c1e786e8,0x00000005cc780000)
 Metaspace       used 26526K, capacity 27884K, committed 28032K, reserved 1073152K
  class space    used 3645K, capacity 3904K, committed 3968K, reserved 1048576K
}
Event: 3.847 GC heap before
{Heap before GC invocations=5 (full 1):
 PSYoungGen      total 153088K, used 98054K [0x0000000715d00000, 0x0000000725880000, 0x00000007c0000000)
  eden space 131584K, 66% used [0x0000000715d00000,0x000000071b2bc690,0x000000071dd80000)
  from space 21504K, 47% used [0x000000071dd80000,0x000000071e7854a8,0x000000071f280000)
  to   space 21504K, 0% used [0x0000000724380000,0x0000000724380000,0x0000000725880000)
 ParOldGen       total 181760K, used 8673K [0x00000005c1600000, 0x00000005cc780000, 0x0000000715d00000)
  object space 181760K, 4% used [0x00000005c1600000,0x00000005c1e786e8,0x00000005cc780000)
 Metaspace       used 33533K, capacity 35402K, committed 35496K, reserved 1079296K
  class space    used 4674K, capacity 5035K, committed 5120K, reserved 1048576K
Event: 3.856 GC heap after
Heap after GC invocations=5 (full 1):
 PSYoungGen      total 232960K, used 13350K [0x0000000715d00000, 0x0000000725700000, 0x00000007c0000000)
  eden space 212992K, 0% used [0x0000000715d00000,0x0000000715d00000,0x0000000722d00000)
  from space 19968K, 66% used [0x0000000724380000,0x0000000725089810,0x0000000725700000)
  to   space 21504K, 0% used [0x0000000722d00000,0x0000000722d00000,0x0000000724200000)
 ParOldGen       total 181760K, used 8681K [0x00000005c1600000, 0x00000005cc780000, 0x0000000715d00000)
  object space 181760K, 4% used [0x00000005c1600000,0x00000005c1e7a6e8,0x00000005cc780000)
 Metaspace       used 33533K, capacity 35402K, committed 35496K, reserved 1079296K
  class space    used 4674K, capacity 5035K, committed 5120K, reserved 1048576K
}
Event: 3.856 GC heap before
{Heap before GC invocations=6 (full 2):
 PSYoungGen      total 232960K, used 13350K [0x0000000715d00000, 0x0000000725700000, 0x00000007c0000000)
  eden space 212992K, 0% used [0x0000000715d00000,0x0000000715d00000,0x0000000722d00000)
  from space 19968K, 66% used [0x0000000724380000,0x0000000725089810,0x0000000725700000)
  to   space 21504K, 0% used [0x0000000722d00000,0x0000000722d00000,0x0000000724200000)
 ParOldGen       total 181760K, used 8681K [0x00000005c1600000, 0x00000005cc780000, 0x0000000715d00000)
  object space 181760K, 4% used [0x00000005c1600000,0x00000005c1e7a6e8,0x00000005cc780000)
 Metaspace       used 33533K, capacity 35402K, committed 35496K, reserved 1079296K
  class space    used 4674K, capacity 5035K, committed 5120K, reserved 1048576K
Event: 3.893 GC heap after
Heap after GC invocations=6 (full 2):
 PSYoungGen      total 232960K, used 0K [0x0000000715d00000, 0x0000000725700000, 0x00000007c0000000)
  eden space 212992K, 0% used [0x0000000715d00000,0x0000000715d00000,0x0000000722d00000)
  from space 19968K, 0% used [0x0000000724380000,0x0000000724380000,0x0000000725700000)
  to   space 21504K, 0% used [0x0000000722d00000,0x0000000722d00000,0x0000000724200000)
 ParOldGen       total 280576K, used 17967K [0x00000005c1600000, 0x00000005d2800000, 0x0000000715d00000)
  object space 280576K, 6% used [0x00000005c1600000,0x00000005c278be88,0x00000005d2800000)
 Metaspace       used 33533K, capacity 35402K, committed 35496K, reserved 1079296K
  class space    used 4674K, capacity 5035K, committed 5120K, reserved 1048576K
}
Event: 5.489 GC heap before
{Heap before GC invocations=7 (full 2):
 PSYoungGen      total 232960K, used 212992K [0x0000000715d00000, 0x0000000725700000, 0x00000007c0000000)
  eden space 212992K, 100% used [0x0000000715d00000,0x0000000722d00000,0x0000000722d00000)
  from space 19968K, 0% used [0x0000000724380000,0x0000000724380000,0x0000000725700000)
  to   space 21504K, 0% used [0x0000000722d00000,0x0000000722d00000,0x0000000724200000)
 ParOldGen       total 280576K, used 17967K [0x00000005c1600000, 0x00000005d2800000, 0x0000000715d00000)
  object space 280576K, 6% used [0x00000005c1600000,0x00000005c278be88,0x00000005d2800000)
 Metaspace       used 52261K, capacity 55134K, committed 55424K, reserved 1097728K
  class space    used 7412K, capacity 7958K, committed 8064K, reserved 1048576K
Event: 5.506 GC heap after
Heap after GC invocations=7 (full 2):
 PSYoungGen      total 234496K, used 21488K [0x0000000715d00000, 0x000000072b800000, 0x00000007c0000000)
  eden space 212992K, 0% used [0x0000000715d00000,0x0000000715d00000,0x0000000722d00000)
  from space 21504K, 99% used [0x0000000722d00000,0x00000007241fc1d0,0x0000000724200000)
  to   space 21504K, 0% used [0x000000072a300000,0x000000072a300000,0x000000072b800000)
 ParOldGen       total 280576K, used 18945K [0x00000005c1600000, 0x00000005d2800000, 0x0000000715d00000)
  object space 280576K, 6% used [0x00000005c1600000,0x00000005c2880720,0x00000005d2800000)
 Metaspace       used 52261K, capacity 55134K, committed 55424K, reserved 1097728K
  class space    used 7412K, capacity 7958K, committed 8064K, reserved 1048576K
}

