# JRE version: OpenJDK Runtime Environment (8.0_322-b06) (build 1.8.0_322-b06)
# Java VM: OpenJDK 64-Bit Server VM (25.322-b06 mixed mode windows-amd64 compressed oops)
Heap:
 PSYoungGen      total 233984K, used 45027K [0x0000000715d00000, 0x000000072bc00000, 0x00000007c0000000)
  eden space 212480K, 11% used [0x0000000715d00000,0x00000007173fd7f0,0x0000000722c80000)
  from space 21504K, 99% used [0x0000000722c80000,0x000000072417b530,0x0000000724180000)
  to   space 21504K, 0% used [0x000000072a700000,0x000000072a700000,0x000000072bc00000)
 ParOldGen       total 276992K, used 19158K [0x00000005c1600000, 0x00000005d2480000, 0x0000000715d00000)
  object space 276992K, 6% used [0x00000005c1600000,0x00000005c28b59d8,0x00000005d2480000)
 Metaspace       used 52877K, capacity 55896K, committed 55936K, reserved 1097728K
  class space    used 7508K, capacity 8047K, committed 8064K, reserved 1048576K
GC Heap History (10 events):
Event: 2.276 GC heap before
{Heap before GC invocations=3 (full 1):
 PSYoungGen      total 153088K, used 9112K [0x0000000715d00000, 0x0000000728800000, 0x00000007c0000000)
  eden space 131584K, 0% used [0x0000000715d00000,0x0000000715d00000,0x000000071dd80000)
  from space 21504K, 42% used [0x000000071f280000,0x000000071fb66318,0x0000000720780000)
  to   space 21504K, 0% used [0x000000071dd80000,0x000000071dd80000,0x000000071f280000)
 ParOldGen       total 349696K, used 24K [0x00000005c1600000, 0x00000005d6b80000, 0x0000000715d00000)
  object space 349696K, 0% used [0x00000005c1600000,0x00000005c1606000,0x00000005d6b80000)
 Metaspace       used 20524K, capacity 21228K, committed 21296K, reserved 1067008K
  class space    used 2749K, capacity 2919K, committed 2944K, reserved 1048576K
Event: 2.301 GC heap after
Heap after GC invocations=3 (full 1):
 PSYoungGen      total 153088K, used 0K [0x0000000715d00000, 0x0000000728800000, 0x00000007c0000000)
  eden space 131584K, 0% used [0x0000000715d00000,0x0000000715d00000,0x000000071dd80000)
  from space 21504K, 0% used [0x000000071f280000,0x000000071f280000,0x0000000720780000)
  to   space 21504K, 0% used [0x000000071dd80000,0x000000071dd80000,0x000000071f280000)
 ParOldGen       total 182784K, used 8601K [0x00000005c1600000, 0x00000005cc880000, 0x0000000715d00000)
  object space 182784K, 4% used [0x00000005c1600000,0x00000005c1e666a8,0x00000005cc880000)
 Metaspace       used 20522K, capacity 21222K, committed 21296K, reserved 1067008K
  class space    used 2748K, capacity 2918K, committed 2944K, reserved 1048576K
}
Event: 3.095 GC heap before
{Heap before GC invocations=4 (full 1):
 PSYoungGen      total 153088K, used 131584K [0x0000000715d00000, 0x0000000728800000, 0x00000007c0000000)
  eden space 131584K, 100% used [0x0000000715d00000,0x000000071dd80000,0x000000071dd80000)
  from space 21504K, 0% used [0x000000071f280000,0x000000071f280000,0x0000000720780000)
  to   space 21504K, 0% used [0x000000071dd80000,0x000000071dd80000,0x000000071f280000)
 ParOldGen       total 182784K, used 8601K [0x00000005c1600000, 0x00000005cc880000, 0x0000000715d00000)
  object space 182784K, 4% used [0x00000005c1600000,0x00000005c1e666a8,0x00000005cc880000)
 Metaspace       used 26510K, capacity 27818K, committed 28032K, reserved 1073152K
  class space    used 3647K, capacity 3903K, committed 3968K, reserved 1048576K
Event: 3.100 GC heap after
Heap after GC invocations=4 (full 1):
 PSYoungGen      total 153088K, used 10284K [0x0000000715d00000, 0x0000000725680000, 0x00000007c0000000)
  eden space 131584K, 0% used [0x0000000715d00000,0x0000000715d00000,0x000000071dd80000)
  from space 21504K, 47% used [0x000000071dd80000,0x000000071e78b090,0x000000071f280000)
  to   space 21504K, 0% used [0x0000000724180000,0x0000000724180000,0x0000000725680000)
 ParOldGen       total 182784K, used 8609K [0x00000005c1600000, 0x00000005cc880000, 0x0000000715d00000)
  object space 182784K, 4% used [0x00000005c1600000,0x00000005c1e686a8,0x00000005cc880000)
 Metaspace       used 26510K, capacity 27818K, committed 28032K, reserved 1073152K
  class space    used 3647K, capacity 3903K, committed 3968K, reserved 1048576K
}
Event: 3.654 GC heap before
{Heap before GC invocations=5 (full 1):
 PSYoungGen      total 153088K, used 99209K [0x0000000715d00000, 0x0000000725680000, 0x00000007c0000000)
  eden space 131584K, 67% used [0x0000000715d00000,0x000000071b3d75e8,0x000000071dd80000)
  from space 21504K, 47% used [0x000000071dd80000,0x000000071e78b090,0x000000071f280000)
  to   space 21504K, 0% used [0x0000000724180000,0x0000000724180000,0x0000000725680000)
 ParOldGen       total 182784K, used 8609K [0x00000005c1600000, 0x00000005cc880000, 0x0000000715d00000)
  object space 182784K, 4% used [0x00000005c1600000,0x00000005c1e686a8,0x00000005cc880000)
 Metaspace       used 33534K, capacity 35402K, committed 35496K, reserved 1079296K
  class space    used 4677K, capacity 5035K, committed 5120K, reserved 1048576K
Event: 3.663 GC heap after
Heap after GC invocations=5 (full 1):
 PSYoungGen      total 233984K, used 13144K [0x0000000715d00000, 0x0000000725680000, 0x00000007c0000000)
  eden space 212480K, 0% used [0x0000000715d00000,0x0000000715d00000,0x0000000722c80000)
  from space 21504K, 61% used [0x0000000724180000,0x0000000724e561c0,0x0000000725680000)
  to   space 21504K, 0% used [0x0000000722c80000,0x0000000722c80000,0x0000000724180000)
 ParOldGen       total 182784K, used 8617K [0x00000005c1600000, 0x00000005cc880000, 0x0000000715d00000)
  object space 182784K, 4% used [0x00000005c1600000,0x00000005c1e6a6a8,0x00000005cc880000)
 Metaspace       used 33534K, capacity 35402K, committed 35496K, reserved 1079296K
  class space    used 4677K, capacity 5035K, committed 5120K, reserved 1048576K
}
Event: 3.663 GC heap before
{Heap before GC invocations=6 (full 2):
 PSYoungGen      total 233984K, used 13144K [0x0000000715d00000, 0x0000000725680000, 0x00000007c0000000)
  eden space 212480K, 0% used [0x0000000715d00000,0x0000000715d00000,0x0000000722c80000)
  from space 21504K, 61% used [0x0000000724180000,0x0000000724e561c0,0x0000000725680000)
  to   space 21504K, 0% used [0x0000000722c80000,0x0000000722c80000,0x0000000724180000)
 ParOldGen       total 182784K, used 8617K [0x00000005c1600000, 0x00000005cc880000, 0x0000000715d00000)
  object space 182784K, 4% used [0x00000005c1600000,0x00000005c1e6a6a8,0x00000005cc880000)
 Metaspace       used 33534K, capacity 35402K, committed 35496K, reserved 1079296K
  class space    used 4677K, capacity 5035K, committed 5120K, reserved 1048576K
Event: 3.692 GC heap after
Heap after GC invocations=6 (full 2):
 PSYoungGen      total 233984K, used 0K [0x0000000715d00000, 0x0000000725680000, 0x00000007c0000000)
  eden space 212480K, 0% used [0x0000000715d00000,0x0000000715d00000,0x0000000722c80000)
  from space 21504K, 0% used [0x0000000724180000,0x0000000724180000,0x0000000725680000)
  to   space 21504K, 0% used [0x0000000722c80000,0x0000000722c80000,0x0000000724180000)
 ParOldGen       total 276992K, used 18076K [0x00000005c1600000, 0x00000005d2480000, 0x0000000715d00000)
  object space 276992K, 6% used [0x00000005c1600000,0x00000005c27a73f0,0x00000005d2480000)
 Metaspace       used 33534K, capacity 35402K, committed 35496K, reserved 1079296K
  class space    used 4677K, capacity 5035K, committed 5120K, reserved 1048576K
}
Event: 5.108 GC heap before
{Heap before GC invocations=7 (full 2):
 PSYoungGen      total 233984K, used 212480K [0x0000000715d00000, 0x0000000725680000, 0x00000007c0000000)
  eden space 212480K, 100% used [0x0000000715d00000,0x0000000722c80000,0x0000000722c80000)
  from space 21504K, 0% used [0x0000000724180000,0x0000000724180000,0x0000000725680000)
  to   space 21504K, 0% used [0x0000000722c80000,0x0000000722c80000,0x0000000724180000)
 ParOldGen       total 276992K, used 18076K [0x00000005c1600000, 0x00000005d2480000, 0x0000000715d00000)
  object space 276992K, 6% used [0x00000005c1600000,0x00000005c27a73f0,0x00000005d2480000)
 Metaspace       used 52618K, capacity 55536K, committed 55680K, reserved 1097728K
  class space    used 7466K, capacity 8001K, committed 8064K, reserved 1048576K
Event: 5.121 GC heap after
Heap after GC invocations=7 (full 2):
 PSYoungGen      total 233984K, used 21485K [0x0000000715d00000, 0x000000072bc00000, 0x00000007c0000000)
  eden space 212480K, 0% used [0x0000000715d00000,0x0000000715d00000,0x0000000722c80000)
  from space 21504K, 99% used [0x0000000722c80000,0x000000072417b530,0x0000000724180000)
  to   space 21504K, 0% used [0x000000072a700000,0x000000072a700000,0x000000072bc00000)
 ParOldGen       total 276992K, used 19158K [0x00000005c1600000, 0x00000005d2480000, 0x0000000715d00000)
  object space 276992K, 6% used [0x00000005c1600000,0x00000005c28b59d8,0x00000005d2480000)
 Metaspace       used 52618K, capacity 55536K, committed 55680K, reserved 1097728K
  class space    used 7466K, capacity 8001K, committed 8064K, reserved 1048576K
}

