# JRE version: OpenJDK Runtime Environment (8.0_322-b06) (build 1.8.0_322-b06)
# Java VM: OpenJDK 64-Bit Server VM (25.322-b06 mixed mode windows-amd64 compressed oops)
Heap:
 PSYoungGen      total 233984K, used 47289K [0x0000000715d00000, 0x000000072bc80000, 0x00000007c0000000)
  eden space 212480K, 12% used [0x0000000715d00000,0x0000000717630748,0x0000000722c80000)
  from space 21504K, 99% used [0x0000000722c80000,0x000000072417de10,0x0000000724180000)
  to   space 21504K, 0% used [0x000000072a780000,0x000000072a780000,0x000000072bc80000)
 ParOldGen       total 274944K, used 18995K [0x00000005c1600000, 0x00000005d2280000, 0x0000000715d00000)
  object space 274944K, 6% used [0x00000005c1600000,0x00000005c288cce0,0x00000005d2280000)
 Metaspace       used 52896K, capacity 55924K, committed 56064K, reserved 1097728K
  class space    used 7510K, capacity 8079K, committed 8192K, reserved 1048576K
GC Heap History (10 events):
Event: 2.559 GC heap before
{Heap before GC invocations=3 (full 1):
 PSYoungGen      total 153088K, used 9015K [0x0000000715d00000, 0x0000000728800000, 0x00000007c0000000)
  eden space 131584K, 0% used [0x0000000715d00000,0x0000000715d00000,0x000000071dd80000)
  from space 21504K, 41% used [0x000000071f280000,0x000000071fb4dff0,0x0000000720780000)
  to   space 21504K, 0% used [0x000000071dd80000,0x000000071dd80000,0x000000071f280000)
 ParOldGen       total 349696K, used 24K [0x00000005c1600000, 0x00000005d6b80000, 0x0000000715d00000)
  object space 349696K, 0% used [0x00000005c1600000,0x00000005c1606000,0x00000005d6b80000)
 Metaspace       used 20585K, capacity 21230K, committed 21296K, reserved 1067008K
  class space    used 2750K, capacity 2920K, committed 2944K, reserved 1048576K
Event: 2.587 GC heap after
Heap after GC invocations=3 (full 1):
 PSYoungGen      total 153088K, used 0K [0x0000000715d00000, 0x0000000728800000, 0x00000007c0000000)
  eden space 131584K, 0% used [0x0000000715d00000,0x0000000715d00000,0x000000071dd80000)
  from space 21504K, 0% used [0x000000071f280000,0x000000071f280000,0x0000000720780000)
  to   space 21504K, 0% used [0x000000071dd80000,0x000000071dd80000,0x000000071f280000)
 ParOldGen       total 181760K, used 8543K [0x00000005c1600000, 0x00000005cc780000, 0x0000000715d00000)
  object space 181760K, 4% used [0x00000005c1600000,0x00000005c1e57e98,0x00000005cc780000)
 Metaspace       used 20583K, capacity 21224K, committed 21296K, reserved 1067008K
  class space    used 2750K, capacity 2919K, committed 2944K, reserved 1048576K
}
Event: 3.397 GC heap before
{Heap before GC invocations=4 (full 1):
 PSYoungGen      total 153088K, used 131584K [0x0000000715d00000, 0x0000000728800000, 0x00000007c0000000)
  eden space 131584K, 100% used [0x0000000715d00000,0x000000071dd80000,0x000000071dd80000)
  from space 21504K, 0% used [0x000000071f280000,0x000000071f280000,0x0000000720780000)
  to   space 21504K, 0% used [0x000000071dd80000,0x000000071dd80000,0x000000071f280000)
 ParOldGen       total 181760K, used 8543K [0x00000005c1600000, 0x00000005cc780000, 0x0000000715d00000)
  object space 181760K, 4% used [0x00000005c1600000,0x00000005c1e57e98,0x00000005cc780000)
 Metaspace       used 26564K, capacity 27884K, committed 28032K, reserved 1073152K
  class space    used 3648K, capacity 3904K, committed 3968K, reserved 1048576K
Event: 3.403 GC heap after
Heap after GC invocations=4 (full 1):
 PSYoungGen      total 153088K, used 10277K [0x0000000715d00000, 0x0000000725800000, 0x00000007c0000000)
  eden space 131584K, 0% used [0x0000000715d00000,0x0000000715d00000,0x000000071dd80000)
  from space 21504K, 47% used [0x000000071dd80000,0x000000071e789488,0x000000071f280000)
  to   space 21504K, 0% used [0x0000000724300000,0x0000000724300000,0x0000000725800000)
 ParOldGen       total 181760K, used 8551K [0x00000005c1600000, 0x00000005cc780000, 0x0000000715d00000)
  object space 181760K, 4% used [0x00000005c1600000,0x00000005c1e59e98,0x00000005cc780000)
 Metaspace       used 26564K, capacity 27884K, committed 28032K, reserved 1073152K
  class space    used 3648K, capacity 3904K, committed 3968K, reserved 1048576K
}
Event: 4.022 GC heap before
{Heap before GC invocations=5 (full 1):
 PSYoungGen      total 153088K, used 98907K [0x0000000715d00000, 0x0000000725800000, 0x00000007c0000000)
  eden space 131584K, 67% used [0x0000000715d00000,0x000000071b38d898,0x000000071dd80000)
  from space 21504K, 47% used [0x000000071dd80000,0x000000071e789488,0x000000071f280000)
  to   space 21504K, 0% used [0x0000000724300000,0x0000000724300000,0x0000000725800000)
 ParOldGen       total 181760K, used 8551K [0x00000005c1600000, 0x00000005cc780000, 0x0000000715d00000)
  object space 181760K, 4% used [0x00000005c1600000,0x00000005c1e59e98,0x00000005cc780000)
 Metaspace       used 33532K, capacity 35402K, committed 35496K, reserved 1079296K
  class space    used 4675K, capacity 5035K, committed 5120K, reserved 1048576K
Event: 4.031 GC heap after
Heap after GC invocations=5 (full 1):
 PSYoungGen      total 232448K, used 13178K [0x0000000715d00000, 0x0000000725680000, 0x00000007c0000000)
  eden space 212480K, 0% used [0x0000000715d00000,0x0000000715d00000,0x0000000722c80000)
  from space 19968K, 65% used [0x0000000724300000,0x0000000724fdeb58,0x0000000725680000)
  to   space 21504K, 0% used [0x0000000722c80000,0x0000000722c80000,0x0000000724180000)
 ParOldGen       total 181760K, used 8559K [0x00000005c1600000, 0x00000005cc780000, 0x0000000715d00000)
  object space 181760K, 4% used [0x00000005c1600000,0x00000005c1e5be98,0x00000005cc780000)
 Metaspace       used 33532K, capacity 35402K, committed 35496K, reserved 1079296K
  class space    used 4675K, capacity 5035K, committed 5120K, reserved 1048576K
}
Event: 4.031 GC heap before
{Heap before GC invocations=6 (full 2):
 PSYoungGen      total 232448K, used 13178K [0x0000000715d00000, 0x0000000725680000, 0x00000007c0000000)
  eden space 212480K, 0% used [0x0000000715d00000,0x0000000715d00000,0x0000000722c80000)
  from space 19968K, 65% used [0x0000000724300000,0x0000000724fdeb58,0x0000000725680000)
  to   space 21504K, 0% used [0x0000000722c80000,0x0000000722c80000,0x0000000724180000)
 ParOldGen       total 181760K, used 8559K [0x00000005c1600000, 0x00000005cc780000, 0x0000000715d00000)
  object space 181760K, 4% used [0x00000005c1600000,0x00000005c1e5be98,0x00000005cc780000)
 Metaspace       used 33532K, capacity 35402K, committed 35496K, reserved 1079296K
  class space    used 4675K, capacity 5035K, committed 5120K, reserved 1048576K
Event: 4.061 GC heap after
Heap after GC invocations=6 (full 2):
 PSYoungGen      total 232448K, used 0K [0x0000000715d00000, 0x0000000725680000, 0x00000007c0000000)
  eden space 212480K, 0% used [0x0000000715d00000,0x0000000715d00000,0x0000000722c80000)
  from space 19968K, 0% used [0x0000000724300000,0x0000000724300000,0x0000000725680000)
  to   space 21504K, 0% used [0x0000000722c80000,0x0000000722c80000,0x0000000724180000)
 ParOldGen       total 274944K, used 17891K [0x00000005c1600000, 0x00000005d2280000, 0x0000000715d00000)
  object space 274944K, 6% used [0x00000005c1600000,0x00000005c2778f08,0x00000005d2280000)
 Metaspace       used 33532K, capacity 35402K, committed 35496K, reserved 1079296K
  class space    used 4675K, capacity 5035K, committed 5120K, reserved 1048576K
}
Event: 5.542 GC heap before
{Heap before GC invocations=7 (full 2):
 PSYoungGen      total 232448K, used 212480K [0x0000000715d00000, 0x0000000725680000, 0x00000007c0000000)
  eden space 212480K, 100% used [0x0000000715d00000,0x0000000722c80000,0x0000000722c80000)
  from space 19968K, 0% used [0x0000000724300000,0x0000000724300000,0x0000000725680000)
  to   space 21504K, 0% used [0x0000000722c80000,0x0000000722c80000,0x0000000724180000)
 ParOldGen       total 274944K, used 17891K [0x00000005c1600000, 0x00000005d2280000, 0x0000000715d00000)
  object space 274944K, 6% used [0x00000005c1600000,0x00000005c2778f08,0x00000005d2280000)
 Metaspace       used 52253K, capacity 55130K, committed 55424K, reserved 1097728K
  class space    used 7412K, capacity 7956K, committed 8064K, reserved 1048576K
Event: 5.556 GC heap after
Heap after GC invocations=7 (full 2):
 PSYoungGen      total 233984K, used 21495K [0x0000000715d00000, 0x000000072bc80000, 0x00000007c0000000)
  eden space 212480K, 0% used [0x0000000715d00000,0x0000000715d00000,0x0000000722c80000)
  from space 21504K, 99% used [0x0000000722c80000,0x000000072417de10,0x0000000724180000)
  to   space 21504K, 0% used [0x000000072a780000,0x000000072a780000,0x000000072bc80000)
 ParOldGen       total 274944K, used 18995K [0x00000005c1600000, 0x00000005d2280000, 0x0000000715d00000)
  object space 274944K, 6% used [0x00000005c1600000,0x00000005c288cce0,0x00000005d2280000)
 Metaspace       used 52253K, capacity 55130K, committed 55424K, reserved 1097728K
  class space    used 7412K, capacity 7956K, committed 8064K, reserved 1048576K
}

