# JRE version: OpenJDK Runtime Environment (8.0_322-b06) (build 1.8.0_322-b06)
# Java VM: OpenJDK 64-Bit Server VM (25.322-b06 mixed mode windows-amd64 compressed oops)
Heap:
 PSYoungGen      total 230400K, used 50578K [0x0000000715d00000, 0x000000072b100000, 0x00000007c0000000)
  eden space 208896K, 13% used [0x0000000715d00000,0x000000071796b1a0,0x0000000722900000)
  from space 21504K, 99% used [0x0000000722900000,0x0000000723df9840,0x0000000723e00000)
  to   space 20992K, 0% used [0x0000000729c80000,0x0000000729c80000,0x000000072b100000)
 ParOldGen       total 286720K, used 18502K [0x00000005c1600000, 0x00000005d2e00000, 0x0000000715d00000)
  object space 286720K, 6% used [0x00000005c1600000,0x00000005c2811be0,0x00000005d2e00000)
 Metaspace       used 52877K, capacity 55892K, committed 55936K, reserved 1097728K
  class space    used 7508K, capacity 8047K, committed 8064K, reserved 1048576K
GC Heap History (10 events):
Event: 2.037 GC heap before
{Heap before GC invocations=3 (full 1):
 PSYoungGen      total 153088K, used 9173K [0x0000000715d00000, 0x0000000728800000, 0x00000007c0000000)
  eden space 131584K, 0% used [0x0000000715d00000,0x0000000715d00000,0x000000071dd80000)
  from space 21504K, 42% used [0x000000071f280000,0x000000071fb75430,0x0000000720780000)
  to   space 21504K, 0% used [0x000000071dd80000,0x000000071dd80000,0x000000071f280000)
 ParOldGen       total 349696K, used 24K [0x00000005c1600000, 0x00000005d6b80000, 0x0000000715d00000)
  object space 349696K, 0% used [0x00000005c1600000,0x00000005c1606000,0x00000005d6b80000)
 Metaspace       used 20571K, capacity 21230K, committed 21296K, reserved 1067008K
  class space    used 2750K, capacity 2920K, committed 2944K, reserved 1048576K
Event: 2.062 GC heap after
Heap after GC invocations=3 (full 1):
 PSYoungGen      total 153088K, used 0K [0x0000000715d00000, 0x0000000728800000, 0x00000007c0000000)
  eden space 131584K, 0% used [0x0000000715d00000,0x0000000715d00000,0x000000071dd80000)
  from space 21504K, 0% used [0x000000071f280000,0x000000071f280000,0x0000000720780000)
  to   space 21504K, 0% used [0x000000071dd80000,0x000000071dd80000,0x000000071f280000)
 ParOldGen       total 186880K, used 8699K [0x00000005c1600000, 0x00000005ccc80000, 0x0000000715d00000)
  object space 186880K, 4% used [0x00000005c1600000,0x00000005c1e7ec30,0x00000005ccc80000)
 Metaspace       used 20569K, capacity 21224K, committed 21296K, reserved 1067008K
  class space    used 2749K, capacity 2919K, committed 2944K, reserved 1048576K
}
Event: 2.868 GC heap before
{Heap before GC invocations=4 (full 1):
 PSYoungGen      total 153088K, used 131584K [0x0000000715d00000, 0x0000000728800000, 0x00000007c0000000)
  eden space 131584K, 100% used [0x0000000715d00000,0x000000071dd80000,0x000000071dd80000)
  from space 21504K, 0% used [0x000000071f280000,0x000000071f280000,0x0000000720780000)
  to   space 21504K, 0% used [0x000000071dd80000,0x000000071dd80000,0x000000071f280000)
 ParOldGen       total 186880K, used 8699K [0x00000005c1600000, 0x00000005ccc80000, 0x0000000715d00000)
  object space 186880K, 4% used [0x00000005c1600000,0x00000005c1e7ec30,0x00000005ccc80000)
 Metaspace       used 26521K, capacity 27884K, committed 28032K, reserved 1073152K
  class space    used 3645K, capacity 3904K, committed 3968K, reserved 1048576K
Event: 2.873 GC heap after
Heap after GC invocations=4 (full 1):
 PSYoungGen      total 153088K, used 10191K [0x0000000715d00000, 0x0000000725300000, 0x00000007c0000000)
  eden space 131584K, 0% used [0x0000000715d00000,0x0000000715d00000,0x000000071dd80000)
  from space 21504K, 47% used [0x000000071dd80000,0x000000071e773df8,0x000000071f280000)
  to   space 21504K, 0% used [0x0000000723e00000,0x0000000723e00000,0x0000000725300000)
 ParOldGen       total 186880K, used 8707K [0x00000005c1600000, 0x00000005ccc80000, 0x0000000715d00000)
  object space 186880K, 4% used [0x00000005c1600000,0x00000005c1e80c30,0x00000005ccc80000)
 Metaspace       used 26521K, capacity 27884K, committed 28032K, reserved 1073152K
  class space    used 3645K, capacity 3904K, committed 3968K, reserved 1048576K
}
Event: 3.475 GC heap before
{Heap before GC invocations=5 (full 1):
 PSYoungGen      total 153088K, used 98230K [0x0000000715d00000, 0x0000000725300000, 0x00000007c0000000)
  eden space 131584K, 66% used [0x0000000715d00000,0x000000071b2f9a68,0x000000071dd80000)
  from space 21504K, 47% used [0x000000071dd80000,0x000000071e773df8,0x000000071f280000)
  to   space 21504K, 0% used [0x0000000723e00000,0x0000000723e00000,0x0000000725300000)
 ParOldGen       total 186880K, used 8707K [0x00000005c1600000, 0x00000005ccc80000, 0x0000000715d00000)
  object space 186880K, 4% used [0x00000005c1600000,0x00000005c1e80c30,0x00000005ccc80000)
 Metaspace       used 33533K, capacity 35402K, committed 35496K, reserved 1079296K
  class space    used 4675K, capacity 5035K, committed 5120K, reserved 1048576K
Event: 3.486 GC heap after
Heap after GC invocations=5 (full 1):
 PSYoungGen      total 230400K, used 13270K [0x0000000715d00000, 0x0000000725400000, 0x00000007c0000000)
  eden space 208896K, 0% used [0x0000000715d00000,0x0000000715d00000,0x0000000722900000)
  from space 21504K, 61% used [0x0000000723e00000,0x0000000724af5838,0x0000000725300000)
  to   space 21504K, 0% used [0x0000000722900000,0x0000000722900000,0x0000000723e00000)
 ParOldGen       total 186880K, used 8715K [0x00000005c1600000, 0x00000005ccc80000, 0x0000000715d00000)
  object space 186880K, 4% used [0x00000005c1600000,0x00000005c1e82c30,0x00000005ccc80000)
 Metaspace       used 33533K, capacity 35402K, committed 35496K, reserved 1079296K
  class space    used 4675K, capacity 5035K, committed 5120K, reserved 1048576K
}
Event: 3.486 GC heap before
{Heap before GC invocations=6 (full 2):
 PSYoungGen      total 230400K, used 13270K [0x0000000715d00000, 0x0000000725400000, 0x00000007c0000000)
  eden space 208896K, 0% used [0x0000000715d00000,0x0000000715d00000,0x0000000722900000)
  from space 21504K, 61% used [0x0000000723e00000,0x0000000724af5838,0x0000000725300000)
  to   space 21504K, 0% used [0x0000000722900000,0x0000000722900000,0x0000000723e00000)
 ParOldGen       total 186880K, used 8715K [0x00000005c1600000, 0x00000005ccc80000, 0x0000000715d00000)
  object space 186880K, 4% used [0x00000005c1600000,0x00000005c1e82c30,0x00000005ccc80000)
 Metaspace       used 33533K, capacity 35402K, committed 35496K, reserved 1079296K
  class space    used 4675K, capacity 5035K, committed 5120K, reserved 1048576K
Event: 3.519 GC heap after
Heap after GC invocations=6 (full 2):
 PSYoungGen      total 230400K, used 0K [0x0000000715d00000, 0x0000000725400000, 0x00000007c0000000)
  eden space 208896K, 0% used [0x0000000715d00000,0x0000000715d00000,0x0000000722900000)
  from space 21504K, 0% used [0x0000000723e00000,0x0000000723e00000,0x0000000725300000)
  to   space 21504K, 0% used [0x0000000722900000,0x0000000722900000,0x0000000723e00000)
 ParOldGen       total 286720K, used 17977K [0x00000005c1600000, 0x00000005d2e00000, 0x0000000715d00000)
  object space 286720K, 6% used [0x00000005c1600000,0x00000005c278e458,0x00000005d2e00000)
 Metaspace       used 33533K, capacity 35402K, committed 35496K, reserved 1079296K
  class space    used 4675K, capacity 5035K, committed 5120K, reserved 1048576K
}
Event: 5.060 GC heap before
{Heap before GC invocations=7 (full 2):
 PSYoungGen      total 230400K, used 208896K [0x0000000715d00000, 0x0000000725400000, 0x00000007c0000000)
  eden space 208896K, 100% used [0x0000000715d00000,0x0000000722900000,0x0000000722900000)
  from space 21504K, 0% used [0x0000000723e00000,0x0000000723e00000,0x0000000725300000)
  to   space 21504K, 0% used [0x0000000722900000,0x0000000722900000,0x0000000723e00000)
 ParOldGen       total 286720K, used 17977K [0x00000005c1600000, 0x00000005d2e00000, 0x0000000715d00000)
  object space 286720K, 6% used [0x00000005c1600000,0x00000005c278e458,0x00000005d2e00000)
 Metaspace       used 52093K, capacity 54930K, committed 55040K, reserved 1095680K
  class space    used 7380K, capacity 7916K, committed 7936K, reserved 1048576K
Event: 5.076 GC heap after
Heap after GC invocations=7 (full 2):
 PSYoungGen      total 230400K, used 21478K [0x0000000715d00000, 0x000000072b100000, 0x00000007c0000000)
  eden space 208896K, 0% used [0x0000000715d00000,0x0000000715d00000,0x0000000722900000)
  from space 21504K, 99% used [0x0000000722900000,0x0000000723df9840,0x0000000723e00000)
  to   space 20992K, 0% used [0x0000000729c80000,0x0000000729c80000,0x000000072b100000)
 ParOldGen       total 286720K, used 18502K [0x00000005c1600000, 0x00000005d2e00000, 0x0000000715d00000)
  object space 286720K, 6% used [0x00000005c1600000,0x00000005c2811be0,0x00000005d2e00000)
 Metaspace       used 52093K, capacity 54930K, committed 55040K, reserved 1095680K
  class space    used 7380K, capacity 7916K, committed 7936K, reserved 1048576K
}

